   1               		.file	"main.c"
   2               		.arch atmega8535
   3               	__SREG__ = 0x3f
   4               	__SP_H__ = 0x3e
   5               	__SP_L__ = 0x3d
   6               	__tmp_reg__ = 0
   7               	__zero_reg__ = 1
   8               		.global __do_copy_data
   9               		.global __do_clear_bss
  11               		.text
  12               	.Ltext0:
  69               	.global	delayms
  71               	delayms:
  73               	.Ltext1:
   1:delay.h       **** /*	LCD.h
   2:delay.h       **** Technophilia embedded systems
   3:delay.h       **** 
   4:delay.h       **** 	this header file provides time delay in the form of mili second and micro second
   5:delay.h       **** 	without affecting any interrupts.
   6:delay.h       **** 
   7:delay.h       **** 	delayms()  this function provides delay in the form of mili second
   8:delay.h       **** 	delayus()  this function provides delay in the form of micro second
   9:delay.h       **** 	
  10:delay.h       **** */
  11:delay.h       **** #ifndef _DELAY_H_
  12:delay.h       **** #define _DELAY_H_
  13:delay.h       **** unsigned int delaycounter1,delaycounter2;
  14:delay.h       **** void delayms(unsigned int delaytime)
  15:delay.h       **** {
  74               	ue end (size=0) */
  76               	.LM1:
  77               		sts (delaycounter1)+1,__zero_reg__
  16:delay.h       **** 
  17:delay.h       **** 	 for(delaycounter1=0;delaycounter1<=delaytime;delaycounter1++)
  78               	 delaycounter1,__zero_reg__
  79               		ldi r18,lo8(0)
  80 0000 1092 0000 		ldi r19,hi8(0)
  81 0004 1092 0000 	.L2:
  83 000a 30E0      	.LM2:
  84               		ldi r20,lo8(0)
  85               		ldi r21,hi8(0)
  86               	.L3:
  88 000e 50E0      	.LM3:
  89               	/* #APP */
  18:delay.h       **** 	 {
  19:delay.h       **** 		 for(delaycounter2=0;delaycounter2<=800;delaycounter2++)
  20:delay.h       **** 		  {
  21:delay.h       **** 		  asm("nop");asm("nop");asm("nop");asm("nop");asm("nop");asm("nop");
  90               	op
  91               		nop
  92               		nop
  93 0010 0000      		nop
  95 0014 0000      	.LM4:
  96 0016 0000      		nop
  97 0018 0000      		nop
  98 001a 0000      		nop
  22:delay.h       **** 		  asm("nop");asm("nop");asm("nop");asm("nop");asm("nop");asm("nop");
  99               	
 100               		nop
 101 001c 0000      	/* #NOAPP */
 102 001e 0000      		subi r20,lo8(-(1))
 103 0020 0000      		sbci r21,hi8(-(1))
 105 0024 0000      	.LM5:
 106 0026 0000      		ldi r22,hi8(801)
 107               		cpi r20,lo8(801)
 108 0028 4F5F      		cpc r21,r22
 109 002a 5F4F      		brne .L3
 110               		subi r18,lo8(-(1))
 111               		sbci r19,hi8(-(1))
 113 002e 4132      	.LM6:
 114 0030 5607      		cp r24,r18
 115 0032 01F4      		cpc r25,r19
 116 0034 2F5F      		brsh .L2
 117 0036 3F4F      		sts (delaycounter1)+1,r19
 118               		sts delaycounter1,r18
 119               		sts (delaycounter2)+1,r21
 120 0038 8217      		sts delaycounter2,r20
 121 003a 9307      	/* epilogue: frame size=0 */
 122 003c 00F4      		ret
 123 003e 3093 0000 	/* epilogue end (size=1) */
 124 0042 2093 0000 	/* function delayms size 52 (51) */
 126 004a 4093 0000 	.Lscope0:
 129               	.global	delayus
 131               	delayus:
 133               	.LM7:
 134               	/* prologue: frame size=0 */
 135               	/* prologue end (size=0) */
 137               	.LM8:
  23:delay.h       **** 		  }
  24:delay.h       **** 		
  25:delay.h       **** 	 }
  26:delay.h       **** }
  27:delay.h       **** 
  28:delay.h       **** void delayus(unsigned int delaytime)
  29:delay.h       **** {
 138               	ts delaycounter1,__zero_reg__
 139               		ldi r18,lo8(0)
 140               		ldi r19,hi8(0)
 141               	.L12:
  30:delay.h       **** 
  31:delay.h       **** 	 for(delaycounter1=0;delaycounter1<=delaytime;delaycounter1++)
 142               	abn	68,0,34,.LM9-delayus
 143               	.LM9:
 144 0050 1092 0000 	/* #APP */
 145 0054 1092 0000 		nop
 146 0058 20E0      		nop
 147 005a 30E0      		nop
 148               		nop
  32:delay.h       **** 	 {
  33:delay.h       **** 		 
  34:delay.h       **** 		  asm("nop");asm("nop");asm("nop");asm("nop");asm("nop");asm("nop");
 149               	op
 151               	.LM10:
 152 005c 0000      		nop
 153 005e 0000      		nop
 154 0060 0000      		nop
 155 0062 0000      		nop
 156 0064 0000      	/* #NOAPP */
 157 0066 0000      		subi r18,lo8(-(1))
  35:delay.h       **** 		  asm("nop");asm("nop");asm("nop");asm("nop");
 158               	,hi8(-(1))
 160 0068 0000      	.LM11:
 161 006a 0000      		cp r24,r18
 162 006c 0000      		cpc r25,r19
 163 006e 0000      		brsh .L12
 164               		sts (delaycounter1)+1,r19
 165 0070 2F5F      		sts delaycounter1,r18
 166 0072 3F4F      	/* epilogue: frame size=0 */
 167               		ret
 168               	/* epilogue end (size=1) */
 169 0074 8217      	/* function delayus size 36 (35) */
 171 0078 00F4      	.Lscope1:
 173 007e 2093 0000 	.global	servo_init
 175 0082 0895      	servo_init:
 177               	.Ltext2:
 179               	.LM12:
 180               	/* prologue: frame size=0 */
 181               	/* prologue end (size=0) */
 183               	.LM13:
 184               		ldi r24,lo8(3)
 185               		out 79-0x20,r24
   1:servo.h       **** /*	SERVO.h
   2:servo.h       **** Technophilia 
   3:servo.h       **** 
   4:servo.h       **** 	this header file will help you to controlle four servo moter at a single time.
   5:servo.h       **** 
   6:servo.h       **** 	
   7:servo.h       **** */
   8:servo.h       **** #ifndef _SERVO_H_
   9:servo.h       **** #define _SERVO_H_
  10:servo.h       **** 
  11:servo.h       **** int i,j,k;   
  12:servo.h       **** unsigned char m0h,m0l,m1h,m1l,m2h,m2l,m3h,m3l,x,y;
  13:servo.h       **** unsigned char temp;
  14:servo.h       **** void servo_init()
  15:servo.h       **** {
 186               	init
 187               	.LM14:
 188               		ldi r24,lo8(26)
 189               		out 78-0x20,r24
  16:servo.h       **** 
  17:servo.h       **** TCCR1A=0x03;
 190               	abn	68,0,19,.LM15-servo_init
 191               	.LM15:
 192 0084 83E0      		out 77-0x20,__zero_reg__
  18:servo.h       **** TCCR1B=0x1A;
 194               	6:
 195               		out 76-0x20,__zero_reg__
 197 008a 8EBD      	.LM17:
  19:servo.h       **** TCNT1H=0x00;
 198               	 71-0x20,__zero_reg__
 200 008c 1DBC      	.LM18:
  20:servo.h       **** TCNT1L=0x00;
 201               	t 70-0x20,__zero_reg__
 203 008e 1CBC      	.LM19:
  21:servo.h       **** ICR1H=0x00;
 204               	i r24,lo8(39)
 205               		out 75-0x20,r24
  22:servo.h       **** ICR1L=0x00;
 207               	20:
 208               		ldi r24,lo8(15)
 209 0092 16BC      		out 74-0x20,r24
  23:servo.h       **** OCR1AH=0x27;
 210               	tabn	68,0,25,.LM21-servo_init
 211               	.LM21:
 212 0094 87E2      		ldi r24,lo8(29)
 213 0096 8BBD      		out 73-0x20,r24
  24:servo.h       **** OCR1AL=0x0F;
 214               	abn	68,0,26,.LM22-servo_init
 215               	.LM22:
 216 0098 8FE0      		ldi r24,lo8(75)
 217 009a 8ABD      		out 72-0x20,r24
  25:servo.h       **** OCR1BH=0x1D;
 218               	abn	68,0,27,.LM23-servo_init
 219               	.LM23:
 220 009c 8DE1      		ldi r24,lo8(24)
 221 009e 89BD      		out 89-0x20,r24
  26:servo.h       **** OCR1BL=0x4B;
 222               	abn	68,0,29,.LM24-servo_init
 223               	.LM24:
 224 00a0 8BE4      	/* #APP */
 225 00a2 88BD      		sei
  27:servo.h       **** TIMSK=0x18;  
 226               	NOAPP */
 227               	/* epilogue: frame size=0 */
 228 00a4 88E1      		ret
 229 00a6 89BF      	/* epilogue end (size=1) */
  28:servo.h       **** 
  29:servo.h       **** sei(); 
 230               	unction servo_init size 21 (20) */
 232               	.Lscope2:
 234               	.global	__vector_6
 236 00aa 0895      	__vector_6:
 238               	.LM25:
 239               	/* prologue: frame size=0 */
 240               		push __zero_reg__
 241               		push __tmp_reg__
 242               		in __tmp_reg__,__SREG__
 243               		push __tmp_reg__
 244               		clr __zero_reg__
  30:servo.h       **** 
  31:servo.h       **** }
  32:servo.h       **** 
  33:servo.h       **** ISR (TIMER1_COMPA_vect) //void timer1_compa_isr(void)
  34:servo.h       **** {
 245               	 (size=5) */
 247               	.LM26:
 248 00ac 1F92      		out 56-0x20,__zero_reg__
 250 00b0 0FB6      	.LM27:
 251 00b2 0F92      		out 77-0x20,__zero_reg__
 253               	.LM28:
  35:servo.h       **** PORTB=0X00;
 254               	x20,__zero_reg__
 255               	/* epilogue: frame size=0 */
 256 00b6 18BA      		pop __tmp_reg__
  36:servo.h       **** TCNT1H=0x00;
 257               	t __SREG__,__tmp_reg__
 258               		pop __tmp_reg__
 259 00b8 1DBC      		pop __zero_reg__
  37:servo.h       **** TCNT1L=0x00;
 260               	ti
 261               	/* epilogue end (size=5) */
 262 00ba 1CBC      	/* function __vector_6 size 13 (3) */
 264 00bc 0F90      	.Lscope3:
 266 00c0 0F90      	.global	__vector_7
 268 00c4 1895      	__vector_7:
 270               	.LM29:
 271               	/* prologue: frame size=0 */
 272               		push __zero_reg__
 273               		push __tmp_reg__
 274               		in __tmp_reg__,__SREG__
 275               		push __tmp_reg__
 276               		clr __zero_reg__
  38:servo.h       **** }
  39:servo.h       **** 
  40:servo.h       **** ISR (TIMER1_COMPB_vect) // void timer1_compb_isr(void)
  41:servo.h       **** {
 277               	25
 278               	/* prologue end (size=7) */
 280 00c6 1F92      	.LM30:
 281 00c8 0F92      		lds r24,i
 282 00ca 0FB6      		lds r25,(i)+1
 283 00cc 0F92      		cpi r24,1
 284 00ce 1124      		cpc r25,__zero_reg__
 285 00d0 8F93      		breq .L24
 287               	.LM31:
  42:servo.h       **** switch(i)
 288               		cpc r25,__zero_reg__
 289               		brge .L27
 290 00d4 8091 0000 		or r24,r25
 291 00d8 9091 0000 		breq .L23
 292 00dc 8130      		rjmp .L28
 293 00de 9105      	.L27:
 294 00e0 01F0      		cpi r24,2
 295               		cpc r25,__zero_reg__
 296               		breq .L25
 297 00e2 8230      		sbiw r24,3
 298 00e4 9105      		brne .L28
 299 00e6 04F4      		rjmp .L26
 300 00e8 892B      	.L23:
 302 00ec 00C0      	.LM32:
 303               		lds r24,m0h
 304 00ee 8230      		out 73-0x20,r24
 306 00f2 01F0      	.LM33:
 307 00f4 0397      		lds r24,m0l
 308 00f6 01F4      		out 72-0x20,r24
 310               	.LM34:
  43:servo.h       **** {
  44:servo.h       **** case 0:
  45:servo.h       ****  OCR1BH=m0h;     
 311               	-0x20,r24
 313 00fa 8091 0000 	.LM35:
 314 00fe 89BD      		ldi r24,lo8(1)
  46:servo.h       ****  OCR1BL=m0l;     
 315               	 r25,hi8(1)
 316               		rjmp .L29
 317 0100 8091 0000 	.L24:
  47:servo.h       ****  PORTB=0X01;
 319               	6:
 320               		lds r24,m1h
 321 0106 81E0      		out 73-0x20,r24
  48:servo.h       ****  i=1;
 323               	7:
 324               		lds r24,m1l
 325 010a 81E0      		out 72-0x20,r24
 327 010e 00C0      	.LM38:
 328               		ldi r24,lo8(2)
  49:servo.h       ****  break ;  
  50:servo.h       ****  
  51:servo.h       **** case 1:
  52:servo.h       ****  OCR1BH=m1h;       
 329               	6-0x20,r24
 331 0110 8091 0000 	.LM39:
 332 0114 89BD      		ldi r24,lo8(2)
  53:servo.h       ****  OCR1BL=m1l;      
 333               	 r25,hi8(2)
 334               	.L29:
 335 0116 8091 0000 		sts (i)+1,r25
 336 011a 88BD      		sts i,r24
  54:servo.h       ****  PORTB=0X02;
 337               	p .L28
 338               	.L25:
 340 011e 88BB      	.LM40:
  55:servo.h       ****  i=2;
 341               	 r24,m2h
 342               		out 73-0x20,r24
 344 0122 90E0      	.LM41:
 345               		lds r24,m2l
 346 0124 9093 0000 		out 72-0x20,r24
 348 012c 00C0      	.LM42:
 349               		ldi r24,lo8(4)
  56:servo.h       ****  break ; 
  57:servo.h       ****  
  58:servo.h       **** case 2:
  59:servo.h       ****  OCR1BH=m2h;              
 350               	x20,r24
 352 012e 8091 0000 	.LM43:
 353 0132 89BD      		ldi r24,lo8(3)
  60:servo.h       ****  OCR1BL=m2l;                
 354               	 r25,hi8(3)
 355               		rjmp .L29
 356 0134 8091 0000 	.L26:
  61:servo.h       ****  PORTB=0X04;
 358               	4:
 359               		lds r24,m3h
 360 013a 84E0      		out 73-0x20,r24
  62:servo.h       ****  i=3;
 362               	5:
 363               		lds r24,m3l
 364 013e 83E0      		out 72-0x20,r24
 366 0142 00C0      	.LM46:
 367               		ldi r24,lo8(8)
  63:servo.h       ****  break ;
  64:servo.h       ****  
  65:servo.h       **** case 3:
  66:servo.h       ****  OCR1BH=m3h;   
 368               	6-0x20,r24
 370 0144 8091 0000 	.LM47:
 371 0148 89BD      		sts (i)+1,__zero_reg__
  67:servo.h       ****  OCR1BL=m3l;      
 372               	 i,__zero_reg__
 373               	.L28:
 374 014a 8091 0000 	/* epilogue: frame size=0 */
 375 014e 88BD      		pop r25
  68:servo.h       ****  PORTB=0X08;
 376               	 72-0x20,r24
 378 0150 88E0      	.LM46:
 379 0152 88BB      		ldi r24,lo8(8)
  69:servo.h       ****  i=0;
 380               	 56-0x20,r24
 382 0154 1092 0000 	.LM47:
 383 0158 1092 0000 		sts (i)+1,__zero_reg__
 384               		sts i,__zero_reg__
 385               	.L28:
 386 015c 9F91      	/* epilogue: frame size=0 */
 387 015e 8F91      		pop r25
 388 0160 0F90      		pop r24
 389 0162 0FBE      		pop __tmp_reg__
 390 0164 0F90      		out __SREG__,__tmp_reg__
 391 0166 1F90      		pop __tmp_reg__
 392 0168 1895      		pop __zero_reg__
 393               		reti
 394               	/* epilogue end (size=7) */
 395               	/* function __vector_7 size 83 (69) */
 397               	.Lscope4:
 401               	.global	deg
  70:servo.h       ****  break ; 
  71:servo.h       ****  } 
  72:servo.h       **** }
  73:servo.h       **** 
  74:servo.h       **** void deg(float value,int m)
  75:servo.h       **** {
 403               	M48-deg
 404               	.LM48:
 405               	/* prologue: frame size=0 */
 406 016a CF93      		push r28
 407 016c DF93      		push r29
 408               	/* prologue end (size=2) */
 409 016e EA01      		movw r28,r20
  76:servo.h       ****         unsigned int va;
  77:servo.h       ****         va=5060+value*20.411;
 411               	.global	deg
 413 0172 39E4      	deg:
 415 0176 51E4      	.LM48:
 416 0178 00D0      	/* prologue: frame size=0 */
 417 017a 20E0      		push r28
 418 017c 30E2      		push r29
 419 017e 4EE9      	/* prologue end (size=2) */
 420 0180 55E4      		movw r28,r20
 422 0184 00D0      	.LM49:
  78:servo.h       ****         if(m==2)              
 423               		deg
 425 0186 C230      	deg:
 427 018a 01F4      	.LM48:
  79:servo.h       ****         {
  80:servo.h       ****                 m1l=va;
 428               	r_7, .-__vector_7
 429               	.Lscope4:
  81:servo.h       ****                 temp=va>>8;
 431               	_SREG__,__tmp_reg__
 432               		pop __tmp_reg__
 433 0190 872F      		pop __zero_reg__
 434 0192 9927      		reti
 435 0194 8093 0000 	/* epilogue end (size=7) */
  82:servo.h       ****                 m1h=temp;
 436               	ts (i)+1,__zero_reg__
 437               		sts i,__zero_reg__
 438 0198 8093 0000 	.L28:
 439 019c 00C0      	/* epilogue: frame size=0 */
 440               		pop r25
  83:servo.h       ****         }
  84:servo.h       ****         if(m==3)            
 441               	 72-0x20,r24
 443 019e C330      	.LM46:
 444 01a0 D105      		ldi r24,lo8(8)
 445 01a2 01F4      		out 56-0x20,r24
  85:servo.h       ****         {
  86:servo.h       ****                 m2l=va;
 446               	bn	68,0,69,.LM47-__vector_7
 447               	.LM47:
 448 01a4 6093 0000 		sts (i)+1,__zero_reg__
  87:servo.h       ****                 temp=va>>8;
 449               	s i,__zero_reg__
 450               	.L28:
 451 01a8 872F      	/* epilogue: frame size=0 */
 452 01aa 9927      		pop r25
 453 01ac 8093 0000 		pop r24
  88:servo.h       ****                 m2h=temp;
 454               	24
 456 01b0 8093 0000 	.LM46:
 457 01b4 00C0      		ldi r24,lo8(8)
 458               		out 56-0x20,r24
  89:servo.h       ****         }
  90:servo.h       ****         if(m==0)       
 459               	bn	68,0,69,.LM47-__vector_7
 460               	.LM47:
 461 01b6 2097      		sts (i)+1,__zero_reg__
 462 01b8 01F4      		sts i,__zero_reg__
  91:servo.h       ****         {
  92:servo.h       ****                 m3l=va;
 463               	:
 464               	/* epilogue: frame size=0 */
 465 01ba 6093 0000 		pop r25
  93:servo.h       ****                 temp=va>>8;
 466               	 72-0x20,r24
 468 01be 872F      	.LM46:
 469 01c0 9927      		ldi r24,lo8(8)
 470 01c2 8093 0000 		out 56-0x20,r24
  94:servo.h       ****                 m3h=temp;
 471               	bn	68,0,69,.LM47-__vector_7
 472               	.LM47:
 473 01c6 8093 0000 		sts (i)+1,__zero_reg__
 474 01ca 00C0      		sts i,__zero_reg__
 475               	.L28:
  95:servo.h       ****         }
  96:servo.h       ****         if(m==1)     
 476               	ilogue: frame size=0 */
 477               		pop r25
 478 01cc 2197      		pop r24
 479 01ce 01F4      		pop __tmp_reg__
  97:servo.h       ****         {
  98:servo.h       ****                 m0l=va;
 480               	,.LM46-__vector_7
 481               	.LM46:
 482 01d0 6093 0000 		ldi r24,lo8(8)
  99:servo.h       ****                 temp=va>>8;
 483               	t 56-0x20,r24
 485 01d4 872F      	.LM47:
 486 01d6 9927      		sts (i)+1,__zero_reg__
 487 01d8 8093 0000 		sts i,__zero_reg__
 100:servo.h       ****                 m0h=temp;
 488               	
 489               	/* epilogue: frame size=0 */
 490 01dc 8093 0000 		pop r25
 491               		pop r24
 492               		pop __tmp_reg__
 493 01e0 DF91      		out __SREG__,__tmp_reg__
 494 01e2 CF91      		pop __tmp_reg__
 495 01e4 0895      		pop __zero_reg__
 496               		reti
 497               	/* epilogue end (size=7) */
 498               	/* function __vector_7 size 83 (69) */
 500               	.Lscope4:
 504               	.global	deg
 506               	deg:
 508               	.LM48:
   1:main.c        **** //Controlling servo using servo.h
   2:main.c        **** //motor0-PB1, motor1-PB2, motor2-PB3, motor3-PB3
   3:main.c        **** 
   4:main.c        **** #include <avr/io.h>
   5:main.c        **** #include <avr/interrupt.h>
   6:main.c        **** #include "delay.h"
   7:main.c        **** #include "servo.h"
   8:main.c        **** 
   9:main.c        **** int main()
  10:main.c        ****  {
 509               	r_7, .-__vector_7
 510               	.Lscope4:
  11:main.c        ****  
  12:main.c        ****  servo_init();
 513               	_
 514               		pop __zero_reg__
 515 01e6 00D0      		reti
 516               	/* epilogue end (size=7) */
  13:main.c        ****  
  14:main.c        ****   while(1)
  15:main.c        ****    {
  16:main.c        ****     deg(0,0);      //degree motor number
 517               	ts (i)+1,__zero_reg__
 518               		sts i,__zero_reg__
 519 01e8 40E0      	.L28:
 520 01ea 50E0      	/* epilogue: frame size=0 */
 521 01ec 60E0      		pop r25
 522 01ee 70E0      		pop r24
 523 01f0 80E0      		pop __tmp_reg__
 524 01f2 90E0      		out __SREG__,__tmp_reg__
 525 01f4 00D0      		pop __tmp_reg__
  17:main.c        **** 	delayms(2000);
 526               	 56-0x20,r24
 528 01f6 80ED      	.LM47:
 529 01f8 97E0      		sts (i)+1,__zero_reg__
 530 01fa 00D0      		sts i,__zero_reg__
  18:main.c        **** 	deg(90,0);
 531               	
 532               	/* epilogue: frame size=0 */
 533 01fc 40E0      		pop r25
 534 01fe 50E0      		pop r24
 535 0200 60E0      		pop __tmp_reg__
 536 0202 70E0      		out __SREG__,__tmp_reg__
 537 0204 84EB      		pop __tmp_reg__
 538 0206 92E4      		pop __zero_reg__
 539 0208 00D0      		reti
  19:main.c        **** 	delayms(2000);
 540               	69,.LM47-__vector_7
 541               	.LM47:
 542 020a 80ED      		sts (i)+1,__zero_reg__
 543 020c 97E0      		sts i,__zero_reg__
 544 020e 00D0      	.L28:
  20:main.c        **** 	deg(180,0);
 545               	ilogue: frame size=0 */
 546               		pop r25
 547 0210 40E0      		pop r24
 548 0212 50E0      		pop __tmp_reg__
 549 0214 60E0      		out __SREG__,__tmp_reg__
 550 0216 70E0      		pop __tmp_reg__
 551 0218 84E3      		pop __zero_reg__
 552 021a 93E4      		reti
 553 021c 00D0      	/* epilogue end (size=7) */
  21:main.c        **** 	delayms(2000);
 554               	ts (i)+1,__zero_reg__
 555               		sts i,__zero_reg__
 556 021e 80ED      	.L28:
 557 0220 97E0      	/* epilogue: frame size=0 */
 558 0222 00D0      		pop r25
 559 0224 00C0      		pop r24
 560               		pop __tmp_reg__
 561               		out __SREG__,__tmp_reg__
 562               		pop __tmp_reg__
 563               		pop __zero_reg__
 564               		reti
 565               	/* epilogue end (size=7) */
 566               	/* function __vector_7 size 83 (69) */
 568               	.Lscope4:
 572               	.global	deg
 574               	deg:
 576               	.LM48:
 577               	/* prologue: frame size=0 */
 578               		push r28
 579               		push r29
 580               	/* prologue end (size=2) */
 581               		movw r28,r20
 583               	.LM49:
 584               		ldi r18,lo8(0x41a349ba)
 585               		ldi r19,hi8(0x41a349ba)
 586               		ldi r20,hlo8(0x41a349ba)
 587               		ldi r21,hhi8(0x41a349ba)
 588               		rcall __mulsf3
 589               		ldi r18,lo8(0x459e2000)
 590               		ldi r19,hi8(0x459e2000)
 591               		ldi r20,hlo8(0x459e2000)
 592               		ldi r21,hhi8(0x459e2000)
 593               		rcall __addsf3
 594               		rcall __fixunssfsi
 596               	.LM50:
 597               		cpi r28,2
 598               		cpc r29,__zero_reg__
 599               		brne .L31
DEFINED SYMBOLS
                            *ABS*:00000000 main.c
C:\Users\User\AppData\Local\Temp/ccWIeIcK.s:3      *ABS*:0000003f __SREG__
C:\Users\User\AppData\Local\Temp/ccWIeIcK.s:4      *ABS*:0000003e __SP_H__
C:\Users\User\AppData\Local\Temp/ccWIeIcK.s:5      *ABS*:0000003d __SP_L__
C:\Users\User\AppData\Local\Temp/ccWIeIcK.s:6      *ABS*:00000000 __tmp_reg__
C:\Users\User\AppData\Local\Temp/ccWIeIcK.s:7      *ABS*:00000001 __zero_reg__
C:\Users\User\AppData\Local\Temp/ccWIeIcK.s:71     .text:00000000 delayms
                            *COM*:00000002 delaycounter1
                            *COM*:00000002 delaycounter2
C:\Users\User\AppData\Local\Temp/ccWIeIcK.s:137    .text:00000050 delayus
C:\Users\User\AppData\Local\Temp/ccWIeIcK.s:183    .text:00000084 servo_init
C:\Users\User\AppData\Local\Temp/ccWIeIcK.s:244    .text:000000ac __vector_6
C:\Users\User\AppData\Local\Temp/ccWIeIcK.s:276    .text:000000c6 __vector_7
                            *COM*:00000002 i
                            *COM*:00000001 m0h
                            *COM*:00000001 m0l
                            *COM*:00000001 m1h
                            *COM*:00000001 m1l
                            *COM*:00000001 m2h
                            *COM*:00000001 m2l
                            *COM*:00000001 m3h
                            *COM*:00000001 m3l
C:\Users\User\AppData\Local\Temp/ccWIeIcK.s:402    .text:0000016a deg
                            *COM*:00000001 temp
C:\Users\User\AppData\Local\Temp/ccWIeIcK.s:506    .text:000001e6 main
                            *COM*:00000002 j
                            *COM*:00000002 k
                            *COM*:00000001 x
                            *COM*:00000001 y

UNDEFINED SYMBOLS
__do_copy_data
__do_clear_bss
__mulsf3
__addsf3
__fixunssfsi
