   1               		.file	"main.c"
   2               		.arch atmega8535
   3               	__SREG__ = 0x3f
   4               	__SP_H__ = 0x3e
   5               	__SP_L__ = 0x3d
   6               	__tmp_reg__ = 0
   7               	__zero_reg__ = 1
   8               		.global __do_copy_data
   9               		.global __do_clear_bss
  11               		.text
  12               	.Ltext0:
  69               	.global	delayms
  71               	delayms:
  73               	.Ltext1:
   1:delay.h       **** /*	LCD.h
   2:delay.h       **** Technophilia embedded systems
   3:delay.h       **** 
   4:delay.h       **** 	this header file provides time delay in the form of mili second and micro second
   5:delay.h       **** 	without affecting any interrupts.
   6:delay.h       **** 
   7:delay.h       **** 	delayms()  this function provides delay in the form of mili second
   8:delay.h       **** 	delayus()  this function provides delay in the form of micro second
   9:delay.h       **** 	
  10:delay.h       **** */
  11:delay.h       **** #ifndef _DELAY_H_
  12:delay.h       **** #define _DELAY_H_
  13:delay.h       **** unsigned int delaycounter1,delaycounter2;
  14:delay.h       **** void delayms(unsigned int delaytime)
  15:delay.h       **** {
  74               	ue end (size=0) */
  76               	.LM1:
  77               		sts (delaycounter1)+1,__zero_reg__
  16:delay.h       **** 
  17:delay.h       **** 	 for(delaycounter1=0;delaycounter1<=delaytime;delaycounter1++)
  78               	 delaycounter1,__zero_reg__
  79               		ldi r18,lo8(0)
  80 0000 1092 0000 		ldi r19,hi8(0)
  81 0004 1092 0000 	.L2:
  83 000a 30E0      	.LM2:
  84               		ldi r20,lo8(0)
  85               		ldi r21,hi8(0)
  86               	.L3:
  88 000e 50E0      	.LM3:
  89               	/* #APP */
  18:delay.h       **** 	 {
  19:delay.h       **** 		 for(delaycounter2=0;delaycounter2<=800;delaycounter2++)
  20:delay.h       **** 		  {
  21:delay.h       **** 		  asm("nop");asm("nop");asm("nop");asm("nop");asm("nop");asm("nop");
  90               	op
  91               		nop
  92               		nop
  93 0010 0000      		nop
  95 0014 0000      	.LM4:
  96 0016 0000      		nop
  97 0018 0000      		nop
  98 001a 0000      		nop
  22:delay.h       **** 		  asm("nop");asm("nop");asm("nop");asm("nop");asm("nop");asm("nop");
  99               	
 100               		nop
 101 001c 0000      	/* #NOAPP */
 102 001e 0000      		subi r20,lo8(-(1))
 103 0020 0000      		sbci r21,hi8(-(1))
 105 0024 0000      	.LM5:
 106 0026 0000      		ldi r22,hi8(801)
 107               		cpi r20,lo8(801)
 108 0028 4F5F      		cpc r21,r22
 109 002a 5F4F      		brne .L3
 110               		subi r18,lo8(-(1))
 111               		sbci r19,hi8(-(1))
 113 002e 4132      	.LM6:
 114 0030 5607      		cp r24,r18
 115 0032 01F4      		cpc r25,r19
 116 0034 2F5F      		brsh .L2
 117 0036 3F4F      		sts (delaycounter1)+1,r19
 118               		sts delaycounter1,r18
 119               		sts (delaycounter2)+1,r21
 120 0038 8217      		sts delaycounter2,r20
 121 003a 9307      	/* epilogue: frame size=0 */
 122 003c 00F4      		ret
 123 003e 3093 0000 	/* epilogue end (size=1) */
 124 0042 2093 0000 	/* function delayms size 52 (51) */
 126 004a 4093 0000 	.Lscope0:
 129               	.global	delayus
 131               	delayus:
 133               	.LM7:
 134               	/* prologue: frame size=0 */
 135               	/* prologue end (size=0) */
 137               	.LM8:
  23:delay.h       **** 		  }
  24:delay.h       **** 		
  25:delay.h       **** 	 }
  26:delay.h       **** }
  27:delay.h       **** 
  28:delay.h       **** void delayus(unsigned int delaytime)
  29:delay.h       **** {
 138               	ts delaycounter1,__zero_reg__
 139               		ldi r18,lo8(0)
 140               		ldi r19,hi8(0)
 141               	.L12:
  30:delay.h       **** 
  31:delay.h       **** 	 for(delaycounter1=0;delaycounter1<=delaytime;delaycounter1++)
 142               	rame size=0 */
 143               	/* prologue end (size=0) */
 145 0054 1092 0000 	.LM8:
 146 0058 20E0      		sts (delaycounter1)+1,__zero_reg__
 147 005a 30E0      		sts delaycounter1,__zero_reg__
 148               		ldi r18,lo8(0)
  32:delay.h       **** 	 {
  33:delay.h       **** 		 
  34:delay.h       **** 		  asm("nop");asm("nop");asm("nop");asm("nop");asm("nop");asm("nop");
 149               	yus
 150               	.LM7:
 151               	/* prologue: frame size=0 */
 152 005c 0000      	/* prologue end (size=0) */
 154 0060 0000      	.LM8:
 155 0062 0000      		sts (delaycounter1)+1,__zero_reg__
 156 0064 0000      		sts delaycounter1,__zero_reg__
 157 0066 0000      		ldi r18,lo8(0)
  35:delay.h       **** 		  asm("nop");asm("nop");asm("nop");asm("nop");
 158               	yus
 159               	.LM7:
 160 0068 0000      	/* prologue: frame size=0 */
 161 006a 0000      	/* prologue end (size=0) */
 163 006e 0000      	.LM8:
 164               		sts (delaycounter1)+1,__zero_reg__
 165 0070 2F5F      		sts delaycounter1,__zero_reg__
 166 0072 3F4F      		ldi r18,lo8(0)
 167               		ldi r19,hi8(0)
 168               	.L12:
 170 0076 9307      	.LM9:
 171 0078 00F4      	/* #APP */
 172 007a 3093 0000 		nop
 173 007e 2093 0000 		nop
 174               		nop
 175 0082 0895      		nop
 176               		nop
 177               		nop
 179               	.LM10:
 180               		nop
 181               		nop
 182               		nop
 183               		nop
 184               	/* #NOAPP */
 185               		subi r18,lo8(-(1))
   1:main.c        **** /***********************************************************************
   2:main.c        **** 
   3:main.c        **** CODE8.2: Program for DC motor control using Timer0_PWM
   4:main.c        **** 
   5:main.c        **** ***********************************************************************
   6:main.c        **** COPYRIGHT(C)Technophilia Systems
   7:main.c        **** Date:...............1st May 2011
   8:main.c        **** Author:.............Prasanta Kumar Nayak
   9:main.c        **** Organization:.......Technophilia Syestems
  10:main.c        **** Target system:......AVR devlopment board s/n-107010
  11:main.c        **** Manufacturer:.......Technophilia Syestems
  12:main.c        **** Microcontroller:....ATmega-8535
  13:main.c        **** Clock:..............16mhz
  14:main.c        **** 
  15:main.c        **** ***********************************************************************/
  16:main.c        **** 
  17:main.c        **** #include<avr/io.h>					// This is the header for AVR Microcontroller.
  18:main.c        **** #include<avr/interrupt.h>
  19:main.c        **** #include"delay.h"
  20:main.c        **** 
  21:main.c        **** ISR (TIMER0_OVF_vect)				// Subroutine of Timer0 overflow interrupt
  22:main.c        **** {
 186               	
 188               	.LM9:
 189 0084 1F92      	/* #APP */
 190 0086 0F92      		nop
 191 0088 0FB6      		nop
 192 008a 0F92      		nop
 193 008c 1124      		nop
 194 008e 8F93      		nop
 195               		nop
  23:main.c        **** 
  24:main.c        **** 	PORTD=0x50; 
 196               	elaycounter1)+1,__zero_reg__
 197               		sts delaycounter1,__zero_reg__
 198 0090 80E5      		ldi r18,lo8(0)
 199 0092 82BB      		ldi r19,hi8(0)
 200               	.L12:
 202 0096 0F90      	.LM9:
 203 0098 0FBE      	/* #APP */
 204 009a 0F90      		nop
 205 009c 1F90      		nop
 206 009e 1895      		nop
 207               		nop
 208               		nop
 209               		nop
 211               	.LM10:
 212               		nop
 213               		nop
 214               		nop
  25:main.c        **** }
  26:main.c        **** 
  27:main.c        **** ISR (TIMER0_COMP_vect)				// Subroutine of Timer0 compare match interrupt
  28:main.c        **** {
 215               	g__
 216               		ldi r18,lo8(0)
 217               		ldi r19,hi8(0)
 218 00a0 1F92      	.L12:
 220 00a4 0FB6      	.LM9:
 221 00a6 0F92      	/* #APP */
 222 00a8 1124      		nop
 223               		nop
  29:main.c        **** 	PORTD=0x00;
 224               	M8-delayus
 225               	.LM8:
 226 00aa 12BA      		sts (delaycounter1)+1,__zero_reg__
 227               		sts delaycounter1,__zero_reg__
 228 00ac 0F90      		ldi r18,lo8(0)
 229 00ae 0FBE      		ldi r19,hi8(0)
 230 00b0 0F90      	.L12:
 232 00b4 1895      	.LM9:
 233               	/* #APP */
 234               		nop
 235               		nop
 236               		nop
 237               		nop
 238               		nop
 239               		nop
  30:main.c        **** }
  31:main.c        **** 
  32:main.c        **** 
  33:main.c        **** int main(void)         
  34:main.c        **** {
 241               	ts delaycounter1,__zero_reg__
 242               		ldi r18,lo8(0)
 243               		ldi r19,hi8(0)
 244               	.L12:
  35:main.c        **** 	DDRD=0xF0;						// Port D data direction configuration as output port.
 245               	rame size=0 */
 246               	/* prologue end (size=0) */
 248 00b8 81BB      	.LM8:
  36:main.c        **** 	DDRA=0x00;
 249               	,64,0,0,24
 250               	.global	delayus
  37:main.c        **** 	PORTA=0xF0;
 252               	 */
 253               	/* function delayms size 52 (51) */
  38:main.c        ****    
  39:main.c        **** 	TIMSK=0x03;						// This is for interrupt enable for timer0.
 255               	r19
 256               		sts delaycounter1,r18
 257 00be 83E0      		sts (delaycounter2)+1,r21
 258 00c0 89BF      		sts delaycounter2,r20
  40:main.c        **** 	TCCR0=0x4A;						// This is for timer0 initialization.
 259               	i r18,lo8(-(1))
 260               		sbci r19,hi8(-(1))
 262 00c4 83BF      	.LM6:
  41:main.c        **** 	TCNT0=0x00;
 263               	r24,r18
 264               		cpc r25,r19
 265 00c6 12BE      		brsh .L2
  42:main.c        **** 	OCR0=150;
 266               	s (delaycounter1)+1,r19
 267               		sts delaycounter1,r18
 268 00c8 86E9      		sts (delaycounter2)+1,r21
 269 00ca 8CBF      		sts delaycounter2,r20
  43:main.c        **** 	sei();
 270               	i r18,lo8(-(1))
 271               		sbci r19,hi8(-(1))
 273 00cc 7894      	.LM6:
 274               		cp r24,r18
 275               		cpc r25,r19
  44:main.c        **** 	
  45:main.c        ****  while(1)
  46:main.c        ****   {
  47:main.c        **** 	if((PINA & 0x10)==0)
 276               	.L2
 277               		sts (delaycounter1)+1,r19
 278 00ce CC99      		sts delaycounter1,r18
 279 00d0 00C0      		sts (delaycounter2)+1,r21
  48:main.c        **** 		{
  49:main.c        **** 		delayms(10);
 280               	c r21,r22
 281               		brne .L3
 282 00d2 8AE0      		subi r18,lo8(-(1))
 283 00d4 90E0      		sbci r19,hi8(-(1))
  50:main.c        **** 		OCR0++;
 285               	
 286               		cp r24,r18
 287 00d8 8CB7      		cpc r25,r19
 288 00da 8F5F      		brsh .L2
 289 00dc 8CBF      		sts (delaycounter1)+1,r19
  51:main.c        **** 		if(OCR0>=253){OCR0=253;}
 290               	 delaycounter1,r18
 291               		sts (delaycounter2)+1,r21
 292 00de 8CB7      		sts delaycounter2,r20
 293 00e0 8D3F      	/* epilogue: frame size=0 */
 294 00e2 00F0      		ret
 295 00e4 8DEF      	/* epilogue end (size=1) */
 296 00e6 8CBF      	/* function delayms size 52 (51) */
  52:main.c        **** 		}
  53:main.c        **** 	if((PINA & 0x20)==0)
 298               	r19
 299               		sts delaycounter1,r18
 300 00e8 CD99      		sts (delaycounter2)+1,r21
 301 00ea 00C0      		sts delaycounter2,r20
  54:main.c        **** 		{
  55:main.c        **** 		delayms(10);
 302               	i r18,lo8(-(1))
 303               		sbci r19,hi8(-(1))
 305 00ee 90E0      	.LM6:
 306 00f0 00D0      		cp r24,r18
  56:main.c        **** 		OCR0--;
 307               	r25,r19
 308               		brsh .L2
 309 00f2 8CB7      		sts (delaycounter1)+1,r19
 310 00f4 8150      		sts delaycounter1,r18
 311 00f6 8CBF      		sts (delaycounter2)+1,r21
  57:main.c        **** 		if(OCR0<=3){OCR0=3;}
 312               	c r21,r22
 313               		brne .L3
 314 00f8 8CB7      		subi r18,lo8(-(1))
 315 00fa 8430      		sbci r19,hi8(-(1))
 317 00fe 83E0      	.LM6:
 318 0100 8CBF      		cp r24,r18
 319 0102 00C0      		cpc r25,r19
 320               		brsh .L2
 321               		sts (delaycounter1)+1,r19
 322               		sts delaycounter1,r18
 323               		sts (delaycounter2)+1,r21
 324               		sts delaycounter2,r20
 325               	/* epilogue: frame size=0 */
 326               		ret
 327               	/* epilogue end (size=1) */
 328               	/* function delayms size 52 (51) */
 330               	.Lscope0:
DEFINED SYMBOLS
                            *ABS*:00000000 main.c
C:\Users\User\AppData\Local\Temp/ccjBLxcy.s:3      *ABS*:0000003f __SREG__
C:\Users\User\AppData\Local\Temp/ccjBLxcy.s:4      *ABS*:0000003e __SP_H__
C:\Users\User\AppData\Local\Temp/ccjBLxcy.s:5      *ABS*:0000003d __SP_L__
C:\Users\User\AppData\Local\Temp/ccjBLxcy.s:6      *ABS*:00000000 __tmp_reg__
C:\Users\User\AppData\Local\Temp/ccjBLxcy.s:7      *ABS*:00000001 __zero_reg__
C:\Users\User\AppData\Local\Temp/ccjBLxcy.s:71     .text:00000000 delayms
                            *COM*:00000002 delaycounter1
                            *COM*:00000002 delaycounter2
C:\Users\User\AppData\Local\Temp/ccjBLxcy.s:137    .text:00000050 delayus
C:\Users\User\AppData\Local\Temp/ccjBLxcy.s:183    .text:00000084 __vector_9
C:\Users\User\AppData\Local\Temp/ccjBLxcy.s:214    .text:000000a0 __vector_19
C:\Users\User\AppData\Local\Temp/ccjBLxcy.s:240    .text:000000b6 main

UNDEFINED SYMBOLS
__do_copy_data
__do_clear_bss
