   1               		.file	"main.c"
   2               		.arch atmega8535
   3               	__SREG__ = 0x3f
   4               	__SP_H__ = 0x3e
   5               	__SP_L__ = 0x3d
   6               	__tmp_reg__ = 0
   7               	__zero_reg__ = 1
   8               		.global __do_copy_data
   9               		.global __do_clear_bss
  11               		.text
  12               	.Ltext0:
  69               	.global	delayms
  71               	delayms:
  73               	.Ltext1:
   1:delay.h       **** /*	LCD.h
   2:delay.h       **** Technophilia embedded systems
   3:delay.h       **** 
   4:delay.h       **** 	this header file provides time delay in the form of mili second and micro second
   5:delay.h       **** 	without affecting any interrupts.
   6:delay.h       **** 
   7:delay.h       **** 	delayms()  this function provides delay in the form of mili second
   8:delay.h       **** 	delayus()  this function provides delay in the form of micro second
   9:delay.h       **** 	
  10:delay.h       **** */
  11:delay.h       **** #ifndef _DELAY_H_
  12:delay.h       **** #define _DELAY_H_
  13:delay.h       **** unsigned int delaycounter1,delaycounter2;
  14:delay.h       **** void delayms(unsigned int delaytime)
  15:delay.h       **** {
  74               	ue end (size=0) */
  76               	.LM1:
  77               		sts (delaycounter1)+1,__zero_reg__
  16:delay.h       **** 
  17:delay.h       **** 	 for(delaycounter1=0;delaycounter1<=delaytime;delaycounter1++)
  78               	 delaycounter1,__zero_reg__
  79               		ldi r18,lo8(0)
  80 0000 1092 0000 		ldi r19,hi8(0)
  81 0004 1092 0000 	.L2:
  83 000a 30E0      	.LM2:
  84               		ldi r20,lo8(0)
  85               		ldi r21,hi8(0)
  86               	.L3:
  88 000e 50E0      	.LM3:
  89               	/* #APP */
  18:delay.h       **** 	 {
  19:delay.h       **** 		 for(delaycounter2=0;delaycounter2<=800;delaycounter2++)
  20:delay.h       **** 		  {
  21:delay.h       **** 		  asm("nop");asm("nop");asm("nop");asm("nop");asm("nop");asm("nop");
  90               	op
  91               		nop
  92               		nop
  93 0010 0000      		nop
  95 0014 0000      	.LM4:
  96 0016 0000      		nop
  97 0018 0000      		nop
  98 001a 0000      		nop
  22:delay.h       **** 		  asm("nop");asm("nop");asm("nop");asm("nop");asm("nop");asm("nop");
  99               	
 100               		nop
 101 001c 0000      	/* #NOAPP */
 102 001e 0000      		subi r20,lo8(-(1))
 103 0020 0000      		sbci r21,hi8(-(1))
 105 0024 0000      	.LM5:
 106 0026 0000      		ldi r22,hi8(801)
 107               		cpi r20,lo8(801)
 108 0028 4F5F      		cpc r21,r22
 109 002a 5F4F      		brne .L3
 110               		subi r18,lo8(-(1))
 111               		sbci r19,hi8(-(1))
 113 002e 4132      	.LM6:
 114 0030 5607      		cp r24,r18
 115 0032 01F4      		cpc r25,r19
 116 0034 2F5F      		brsh .L2
 117 0036 3F4F      		sts (delaycounter1)+1,r19
 118               		sts delaycounter1,r18
 119               		sts (delaycounter2)+1,r21
 120 0038 8217      		sts delaycounter2,r20
 121 003a 9307      	/* epilogue: frame size=0 */
 122 003c 00F4      		ret
 123 003e 3093 0000 	/* epilogue end (size=1) */
 124 0042 2093 0000 	/* function delayms size 52 (51) */
 126 004a 4093 0000 	.Lscope0:
 129               	.global	delayus
 131               	delayus:
 133               	.LM7:
 134               	/* prologue: frame size=0 */
 135               	/* prologue end (size=0) */
 137               	.LM8:
  23:delay.h       **** 		  }
  24:delay.h       **** 		
  25:delay.h       **** 	 }
  26:delay.h       **** }
  27:delay.h       **** 
  28:delay.h       **** void delayus(unsigned int delaytime)
  29:delay.h       **** {
 138               	ts delaycounter1,__zero_reg__
 139               		ldi r18,lo8(0)
 140               		ldi r19,hi8(0)
 141               	.L12:
  30:delay.h       **** 
  31:delay.h       **** 	 for(delaycounter1=0;delaycounter1<=delaytime;delaycounter1++)
 142               	abn	68,0,34,.LM9-delayus
 143               	.LM9:
 144 0050 1092 0000 	/* #APP */
 145 0054 1092 0000 		nop
 146 0058 20E0      		nop
 147 005a 30E0      		nop
 148               		nop
  32:delay.h       **** 	 {
  33:delay.h       **** 		 
  34:delay.h       **** 		  asm("nop");asm("nop");asm("nop");asm("nop");asm("nop");asm("nop");
 149               	op
 151               	.LM10:
 152 005c 0000      		nop
 153 005e 0000      		nop
 154 0060 0000      		nop
 155 0062 0000      		nop
 156 0064 0000      	/* #NOAPP */
 157 0066 0000      		subi r18,lo8(-(1))
  35:delay.h       **** 		  asm("nop");asm("nop");asm("nop");asm("nop");
 158               	,hi8(-(1))
 160 0068 0000      	.LM11:
 161 006a 0000      		cp r24,r18
 162 006c 0000      		cpc r25,r19
 163 006e 0000      		brsh .L12
 164               		sts (delaycounter1)+1,r19
 165 0070 2F5F      		sts delaycounter1,r18
 166 0072 3F4F      	/* epilogue: frame size=0 */
 167               		ret
 168               	/* epilogue end (size=1) */
 169 0074 8217      	/* function delayus size 36 (35) */
 171 0078 00F4      	.Lscope1:
 174               	.global	dely_ns
 176               	dely_ns:
 178               	.Ltext2:
 180               	.LM12:
 181               	/* prologue: frame size=0 */
 182               	/* prologue end (size=0) */
 184               	.LM13:
 185               		sts j,__zero_reg__
 186               		lds r18,k
   1:lcd.h         **** /*	LCD.h
   2:lcd.h         **** Technophilia embedded systems
   3:lcd.h         **** 
   4:lcd.h         **** 	This header files have implementation of some common finctions of the LCD.
   5:lcd.h         **** 	Include this header file in your C code. Call the lcd_init() function before
   6:lcd.h         **** 	calling any other functions to initialize the lcd.
   7:lcd.h         **** 
   8:lcd.h         **** 
   9:lcd.h         **** 	lcd_init() ----- Call the lcd_init() function before calling any other functions
  10:lcd.h         **** 			  to initialize the lcd.
  11:lcd.h         **** 	lcd_cmd() ------ This function is used to give any command instructions to the
  12:lcd.h         **** 			  LCD. For e.g lcd_cmd(0x01) will give the clear command.
  13:lcd.h         **** 	lcd_char() ----- This function will display a single character on the LCD display.
  14:lcd.h         **** 			  For example lcd_char(0x61) will display A. Again lcd_char('b')
  15:lcd.h         **** 			  will display b.
  16:lcd.h         **** 	lcd_string()---- This function will display a string. An example of this would be
  17:lcd.h         **** 			  like lcd_string("This is AVR")
  18:lcd.h         **** 	lcd_showvalue()- This will show a 3-digit decimal value on the LCD. For example if
  19:lcd.h         **** 			  we give lcd_showvalue(0xFF) then 255 will be displayed.
  20:lcd.h         **** 	lcd_gotoxy()--- Will set the cursor at a particular position on of the LCD.
  21:lcd.h         **** 			  So lcd_gotoxy(1,4) will set the cursor at the 2d row 3rd column
  22:lcd.h         **** 			  row and column address are starts from(0,0)
  23:lcd.h         **** 	lcd_clear()---To clear the LCD
  24:lcd.h         **** 	
  25:lcd.h         **** */
  26:lcd.h         **** 
  27:lcd.h         **** #ifndef _LCD_H_
  28:lcd.h         **** #define _LCD_H_
  29:lcd.h         **** 
  30:lcd.h         **** 
  31:lcd.h         **** unsigned char k=0,j=0;
  32:lcd.h         **** unsigned char save=0;
  33:lcd.h         **** 
  34:lcd.h         **** void lcd_init(void);
  35:lcd.h         **** void lcd_cmd(unsigned char cmd);
  36:lcd.h         **** void latch(void);
  37:lcd.h         **** void dely_ns(unsigned char tim);
  38:lcd.h         **** void lcd_char(unsigned char single);
  39:lcd.h         **** void lcd_string(unsigned char str[32]);
  40:lcd.h         **** void lcd_showvalue(unsigned char num);
  41:lcd.h         **** void lcd_gotoxy(unsigned char row,unsigned char column);
  42:lcd.h         **** void delay_ms(unsigned int ms);
  43:lcd.h         **** void lcd_clear();
  44:lcd.h         **** 
  45:lcd.h         **** void lcd_init(void)	//init the lcd
  46:lcd.h         **** {	
  47:lcd.h         **** 	delay_ms(20);
  48:lcd.h         **** 	save=PORTC;
  49:lcd.h         **** 	DDRC=0xFF;
  50:lcd.h         **** 	delay_ms(15);
  51:lcd.h         **** 	PORTC=0x20;			//interface setup		
  52:lcd.h         **** 	lcd_cmd(0x01);
  53:lcd.h         **** 	lcd_cmd(0x02);
  54:lcd.h         **** 	lcd_cmd(0X80);
  55:lcd.h         **** 	delay_ms(20);
  56:lcd.h         **** }
  57:lcd.h         **** 
  58:lcd.h         **** void latch(void)
  59:lcd.h         **** {
  60:lcd.h         **** PORTC&=~0x04;
  61:lcd.h         **** dely_ns(200);  
  62:lcd.h         **** PORTC|=0x04;
  63:lcd.h         **** dely_ns(200);  
  64:lcd.h         **** PORTC&=~0x04;
  65:lcd.h         **** }
  66:lcd.h         **** 
  67:lcd.h         **** void dely_ns(unsigned char tim)
  68:lcd.h         **** {
 187               	19:
 189               	.LM14:
 190               		subi r25,lo8(-(1))
  69:lcd.h         **** 0);  
 191               	 r18,lo8(11)
 192               	.L18:
 193 0084 1092 0000 		cp r25,r24
 194 0088 2091 0000 		brlo .L19
 195 008c 90E0      		sts k,r18
 196 008e 00C0      		sts j,r25
 197               	/* epilogue: frame size=0 */
 198               		ret
 199               	/* epilogue end (size=1) */
 200 0090 9F5F      	/* function dely_ns size 15 (14) */
 202               	.Lscope2:
 204 0096 00F0      	.global	latch
 206 009c 9093 0000 	latch:
 208 00a0 0895      	.LM15:
 209               	/* prologue: frame size=0 */
 210               	/* prologue end (size=0) */
 212               	.LM16:
 213               		cbi 53-0x20,2
 215               	.LM17:
 216               		ldi r24,lo8(-56)
 217               		rcall dely_ns
 219               	.LM18:
 220               		sbi 53-0x20,2
 222               	.LM19:
 223 00a2 AA98      		ldi r24,lo8(-56)
 224               		rcall dely_ns
 226 00a4 88EC      	.LM20:
 227 00a6 00D0      		cbi 53-0x20,2
 228               	/* epilogue: frame size=0 */
 229               		ret
 230 00a8 AA9A      	/* epilogue end (size=1) */
 231               	/* function latch size 8 (7) */
 233 00aa 88EC      	.Lscope3:
 236               	.global	lcd_cmd
 238               	lcd_cmd:
 240               	.LM21:
 241               	/* prologue: frame size=0 */
 242               		push r16
 243               		push r17
 244               	/* prologue end (size=2) */
 245               		mov r16,r24
 247               	.LM22:
 248               		in r24,53-0x20
  70:lcd.h         **** md(0x02);
  71:lcd.h         **** 	lcd_cmd(0X80);
  72:lcd.h         **** 	delay_ms(20);
  73:lcd.h         **** }
  74:lcd.h         **** 
  75:lcd.h         **** void latch(void)
  76:lcd.h         **** {
  77:lcd.h         **** PORTC&=~0x04;
 249               	cd_cmd
 250               	.LM23:
 251               		mov r24,r16
 252 00b2 0F93      		andi r24,lo8(-16)
 253 00b4 1F93      		out 53-0x20,r24
 255 00b6 082F      	.LM24:
  78:lcd.h         **** cmd(0x01);
 256               	latch
 258 00b8 85B3      	.LM25:
 259 00ba 887F      		clr r17
 260 00bc 85BB      		andi r16,lo8(15)
  79:lcd.h         **** ay_ms(20);
 261               	 r17,hi8(15)
 262               		ldi r24,4
 263 00be 802F      	1:	lsl r16
 264 00c0 807F      		rol r17
 265 00c2 85BB      		dec r24
  80:lcd.h         **** );
 266               	 1b
 267               		out 53-0x20,r16
  81:lcd.h         **** d char str[32]);
 269               	26:
 270               		rcall latch
 271 00c6 1127      	/* epilogue: frame size=0 */
 272 00c8 0F70      		pop r17
 273 00ca 1070      		pop r16
 274 00cc 84E0      		ret
 275 00ce 000F      	/* epilogue end (size=3) */
 276 00d0 111F      	/* function lcd_cmd size 23 (18) */
 278 00d4 01F4      	.Lscope4:
  82:lcd.h         **** id);
 280               	ngle:P(0,11)",64,0,0,17
 281               	.global	lcd_char
 283               	lcd_char:
 285 00dc 0F91      	.LM27:
 286 00de 0895      	/* prologue: frame size=0 */
 287               		push r17
 288               	/* prologue end (size=1) */
 289               		mov r17,r24
 291               	.LM28:
 292               		ldi r24,lo8(1)
 293               		out 53-0x20,r24
 295               	.LM29:
  83:lcd.h         **** unsigned char k=0,j=0;
  84:lcd.h         **** unsigned char save=0;
  85:lcd.h         **** 
  86:lcd.h         **** void lcd_init(void);
  87:lcd.h         **** void lcd_cmd(unsigned char cmd);
 296               	ero_reg__
 298               	.LM30:
 299 00e0 1F93      		mov r24,r17
 300               		andi r24,lo8(-16)
 301 00e2 182F      		ori r24,lo8(1)
  88:lcd.h         **** 
 302               	3-0x20,r24
 304 00e4 81E0      	.LM31:
 305 00e6 85BB      		rcall latch
  89:lcd.h         ****  the 2d row 3rd column
 306               	abn	68,0,92,.LM32-lcd_char
 307               	.LM32:
 308 00e8 15BA      		swap r17
  90:lcd.h         **** -- Will set the cursor at a particular position on of the LCD.
 309               	di r17,0xf0
 310               		ori r17,lo8(1)
 311 00ea 812F      		out 53-0x20,r17
 313 00ee 8160      	.LM33:
 314 00f0 85BB      		rcall latch
  91:lcd.h         **** we give lcd_showvalue(0xFF) then 255 will be displayed.
 315               	logue: frame size=0 */
 316               		pop r17
 317 00f2 00D0      		ret
  92:lcd.h         **** lue()- This will show a 3-digit decimal value on the LCD. For example if
 318               	epilogue end (size=2) */
 319               	/* function lcd_char size 17 (14) */
 321 00f6 107F      	.Lscope5:
  93:lcd.h         ****  this would be
 324               	l	lcd_string
 326 00fc 00D0      	lcd_string:
 328 00fe 1F91      	.LM34:
 329 0100 0895      	/* prologue: frame size=0 */
 330               		push r14
 331               		push r15
 332               		push r16
 333               		push r17
 334               		push r28
 335               		push r29
 336               	/* prologue end (size=6) */
 337               		movw r14,r24
  94:lcd.h         **** l display A. Again lcd_char('b')
  95:lcd.h         **** 			  will display b.
  96:lcd.h         **** 	lcd_string()---- This function will display a string. An example of this would be
  97:lcd.h         **** 			  like lcd_string("This is AVR")
 339               	,lo8(1)
 340               		out 53-0x20,r24
 342 0102 EF92      	.LM36:
 343 0104 FF92      		out 53-0x20,__zero_reg__
 344 0106 0F93      		ldi r16,lo8(0)
 345 0108 1F93      		ldi r17,hi8(0)
 346 010a CF93      		rjmp .L29
 347 010c DF93      	.L30:
 349 010e 7C01      	.LM37:
  98:lcd.h         ****  will display b.
  99:lcd.h         **** 	lcd_string()---- This function will display a string. An example of this would be
 350               	8(16)
 351               		brne .L31
 353 0112 85BB      	.LM38:
 100:lcd.h         **** l display A. Again lcd_char('b')
 354               	 r24,lo8(-64)
 355               		rcall lcd_cmd
 356 0114 15BA      	.L31:
 358 0118 10E0      	.LM39:
 359 011a 00C0      		ld r24,Y
 360               		andi r24,lo8(-16)
 101:lcd.h         **** ---- This function will display a single character on the LCD display.
 102:lcd.h         **** 			  For example lcd_char(0x61) will display A. Again lcd_char('b')
 103:lcd.h         **** 			  will display b.
 361               	4,lo8(1)
 362               		out 53-0x20,r24
 364 011e 01F4      	.LM40:
 104:lcd.h         **** l display a single character on the LCD display.
 365               	ll latch
 367 0120 80EC      	.LM41:
 368 0122 00D0      		ld r24,Y
 369               		swap r24
 105:lcd.h         **** LCD. For e.g lcd_cmd(0x01) will give the clear command.
 370               	 r24,0xf0
 371               		ori r24,lo8(1)
 372 0124 8881      		out 53-0x20,r24
 374 0128 8160      	.LM42:
 375 012a 85BB      		rcall latch
 106:lcd.h         **** 	lcd_cmd() ------ This function is used to give any command instructions to the
 376               	r16,lo8(-(1))
 377               		sbci r17,hi8(-(1))
 378 012c 00D0      	.L29:
 107:lcd.h         **** efore calling any other functions
 379               	v r25,r16
 381 012e 8881      	.LM43:
 382 0130 8295      		movw r28,r14
 383 0132 807F      		add r28,r16
 384 0134 8160      		adc r29,__zero_reg__
 385 0136 85BB      		ld r24,Y
 108:lcd.h         ****  before
 386               	4
 387               		brne .L30
 388 0138 00D0      	/* epilogue: frame size=0 */
 389 013a 0F5F      		pop r29
 390 013c 1F4F      		pop r28
 391               		pop r17
 392 013e 902F      		pop r16
 393               		pop r15
 394               		pop r14
 395 0140 E701      		ret
 396 0142 C00F      	/* epilogue end (size=7) */
 397 0144 D11D      	/* function lcd_string size 44 (31) */
 402 014c DF91      	.Lscope6:
 405 0152 0F91      	.global	lcd_showvalue
 407 0156 EF90      	lcd_showvalue:
 409               	.LM44:
 410               	/* prologue: frame size=0 */
 411               		push r13
 412               		push r14
 413               		push r15
 414               		push r16
 415               		push r17
 416               	/* prologue end (size=5) */
 417               		mov r13,r24
 419               	.LM45:
 420               		ldi r22,lo8(100)
 109:lcd.h         **** header files have implementation of some common finctions of the LCD.
 110:lcd.h         **** 	Include this header file in your C code. Call the lcd_init() function before
 111:lcd.h         **** 	calling any other functions to initialize the lcd.
 112:lcd.h         **** 
 113:lcd.h         **** 
 114:lcd.h         **** 	lcd_init() ----- Call the lcd_init() function before calling any other functions
 115:lcd.h         **** 			  to initialize the lcd.
 421               	stabn	68,0,118,.LM46-lcd_showvalue
 422               	.LM46:
 423               		ldi r25,lo8(100)
 424 015a DF92      		mov r14,r25
 425 015c EF92      		mul r24,r14
 426 015e FF92      		movw r14,r0
 427 0160 0F93      		clr r1
 428 0162 1F93      		mov r24,r13
 429               		clr r25
 430 0164 D82E      		sub r24,r14
 116:lcd.h         **** nctions to initialize the lcd.
 117:lcd.h         **** 
 431               	15
 432               		ldi r22,lo8(10)
 433 0166 64E6      		ldi r23,hi8(10)
 434 0168 00D0      		rcall __divmodhi4
 435 016a 282F      		movw r16,r22
 118:lcd.h         **** ns of the LCD.
 436               	bn	68,0,121,.LM47-lcd_showvalue
 437               	.LM47:
 438 016c 94E6      		mov r24,r18
 439 016e E92E      		subi r24,lo8(-(48))
 440 0170 8E9D      		rcall lcd_char
 442 0174 1124      	.LM48:
 443 0176 8D2D      		mov r24,r16
 444 0178 9927      		subi r24,lo8(-(48))
 445 017a 8E19      		rcall lcd_char
 447 017e 6AE0      	.LM49:
 448 0180 70E0      		sub r13,r14
 449 0182 00D0      		ldi r24,lo8(10)
 450 0184 8B01      		mul r16,r24
 119:lcd.h         **** /*	LCD.h
 120:lcd.h         **** Technophilia embedded systems
 121:lcd.h         **** 
 451               	lr r1
 452               		sub r13,r24
 453 0186 822F      		mov r24,r13
 454 0188 805D      		subi r24,lo8(-(48))
 455 018a 00D0      		rcall lcd_char
 122:lcd.h         **** /*	LCD.h
 456               	ilogue: frame size=0 */
 457               		pop r17
 458 018c 802F      		pop r16
 459 018e 805D      		pop r15
 460 0190 00D0      		pop r14
 123:lcd.h         **** /*	LCD.h
 461               	r13
 462               		ret
 463 0192 DE18      	/* epilogue end (size=6) */
 464 0194 8AE0      	/* function lcd_showvalue size 43 (32) */
 469 019e 8D2D      	.Lscope7:
 473 01a4 1F91      	.global	lcd_gotoxy
 475 01a8 FF90      	lcd_gotoxy:
 477 01ac DF90      	.LM50:
 478 01ae 0895      	/* prologue: frame size=0 */
 479               	/* prologue end (size=0) */
 481               	.LM51:
 482               		tst r24
 483               		brne .L38
 485               	.LM52:
 486               		mov r24,r22
 487               		subi r24,lo8(-(-128))
 488               		rcall lcd_cmd
 489               		ret
 490               	.L38:
 124:lcd.h         **** /*	LCD.h
 125:lcd.h         **** Technophilia embedded systems
 126:lcd.h         **** 
 127:lcd.h         **** 	This header files have implementation of some common finctions of the LCD.
 492               	42
 494               	.LM54:
 495               		mov r24,r22
 128:lcd.h         **** /*	LCD.h
 496               	-lcd_gotoxy
 497               	.LM52:
 498 01b0 8823      		mov r24,r22
 499 01b2 01F4      		subi r24,lo8(-(-128))
 129:lcd.h         **** /*	LCD.h
 130:lcd.h         **** Technophilia embedded systems
 500               	ll lcd_cmd
 501               		ret
 502 01b4 862F      	.L38:
 504 01b8 00D0      	.LM53:
 505 01ba 0895      		cpi r24,lo8(1)
 506               		brne .L42
 131:lcd.h         **** /*	LCD.h
 132:lcd.h         **** Technophilia embedded systems
 507               	_gotoxy
 508               	.LM51:
 509 01bc 8130      		tst r24
 510 01be 01F4      		brne .L38
 133:lcd.h         **** /*	LCD.h
 134:lcd.h         **** Technophilia embedded systems
 511               	abn	68,0,130,.LM52-lcd_gotoxy
 512               	.LM52:
 513 01c0 862F      		mov r24,r22
 514 01c2 8054      		subi r24,lo8(-(-128))
 515 01c4 00D0      		rcall lcd_cmd
 516               		ret
 517 01c6 0895      	.L38:
 519               	.LM53:
 520               		cpi r24,lo8(1)
 521               		brne .L42
 523               	.LM54:
 524               		mov r24,r22
 525               		subi r24,lo8(-(-64))
 526               		rcall lcd_cmd
 527               	.L42:
 528               		ret
 135:lcd.h         **** /*	LCD.h
 136:lcd.h         **** Technophilia embedded systems
 137:lcd.h         **** 
 138:lcd.h         **** 	This header files have implementation of some common finctions of the LCD.
 139:lcd.h         **** 	Include this header file in your C code. Call the lcd_init() function before
 140:lcd.h         **** 	calling any other functions to initialize the lcd.
 529               	 size=0 */
 530               	/* epilogue: noreturn */
 531               	/* epilogue end (size=0) */
 532               	/* function lcd_gotoxy size 12 (12) */
 534               	.Lscope8:
 141:lcd.h         **** ions of the LCD.
 142:lcd.h         **** 	Include this header file in your C code. Call the lcd_init() function before
 143:lcd.h         **** 	calling any other functions to initialize the lcd.
 535               	4))
 536               		rcall lcd_cmd
 537 01ca 20E0      	.L42:
 538 01cc 30E0      		ret
 539               	/* epilogue: frame size=0 */
 144:lcd.h         **** ions of the LCD.
 145:lcd.h         **** 	Include this header file in your C code. Call the lcd_init() function before
 146:lcd.h         **** 	calling any other functions to initialize the lcd.
 147:lcd.h         **** 
 541               	.LM53:
 542               		cpi r24,lo8(1)
 543 01ce 0000      		brne .L42
 545               	.LM54:
 546               		mov r24,r22
 547 01d0 2F5F      		subi r24,lo8(-(-64))
 548 01d2 3F4F      		rcall lcd_cmd
 549 01d4 4CE0      	.L42:
 550 01d6 2C3C      		ret
 551 01d8 3407      	/* epilogue: frame size=0 */
 552 01da 01F4      	/* epilogue: noreturn */
 553               	/* epilogue end (size=0) */
 554               	/* function lcd_gotoxy size 12 (12) */
 556 01dc 0197      	.Lscope8:
 559 01e2 9207      	.global	delay_ms
 561               	delay_ms:
 563               	.LM55:
 564               	/* prologue: frame size=0 */
 565               	/* prologue end (size=0) */
 566               		rjmp .L44
 567               	.L45:
 569               	.LM56:
 570               		ldi r18,lo8(0)
 571               		ldi r19,hi8(0)
 572               	.L46:
 574               	.LM57:
 575               	/* #APP */
 576               		nop
 578               	.LM58:
 579               	/* #NOAPP */
 580 01e8 84E1      		subi r18,lo8(-(1))
 581 01ea 90E0      		sbci r19,hi8(-(1))
 582 01ec 00D0      		ldi r20,hi8(3276)
 583               		cpi r18,lo8(3276)
 584               		cpc r19,r20
 585 01ee 85B3      		brne .L46
 586 01f0 8093 0000 	.L44:
 588               	.LM59:
 589 01f4 8FEF      		sbiw r24,1
 590 01f6 84BB      		ldi r18,hi8(-1)
 591               		cpi r24,lo8(-1)
 592               		cpc r25,r18
 593 01f8 8FE0      		brne .L45
 594 01fa 90E0      	/* epilogue: frame size=0 */
 595 01fc 00D0      		ret
 596               	/* epilogue end (size=1) */
 597               	/* function delay_ms size 17 (16) */
 602 0202 81E0      	.Lscope9:
 604               	.global	lcd_init
 606 0206 82E0      	lcd_init:
 608               	.LM60:
 609               	/* prologue: frame size=0 */
 610 020a 80E8      	/* prologue end (size=0) */
 612               	.LM61:
 613               		ldi r24,lo8(20)
 614 020e 84E1      		ldi r25,hi8(20)
 615 0210 90E0      		rcall delay_ms
 617               	.LM62:
 618 0214 0895      		in r24,53-0x20
 619               		sts save,r24
 621               	.LM63:
 622               		ldi r24,lo8(-1)
 623               		out 52-0x20,r24
 625               	.LM64:
 626               		ldi r24,lo8(15)
 148:lcd.h         **** ns of the LCD.
 149:lcd.h         **** 	Include this header file in your C code. Call the lcd_init() function before
 150:lcd.h         **** 	calling any other functions to initialize the lcd.
 151:lcd.h         **** 
 152:lcd.h         **** 
 627               	abn	68,0,49,.LM63-lcd_init
 628               	.LM63:
 629               		ldi r24,lo8(-1)
 630               		out 52-0x20,r24
 153:lcd.h         ****  of the LCD.
 631               	8,.LM62-lcd_init
 632               	.LM62:
 633 0216 81E0      		in r24,53-0x20
 634 0218 00D0      		sts save,r24
 636 021a 0895      	.LM63:
 637               		ldi r24,lo8(-1)
 638               		out 52-0x20,r24
 640               	.LM64:
 641               		ldi r24,lo8(15)
 642               		ldi r25,hi8(15)
 643               		rcall delay_ms
 645               	.LM65:
 646               		ldi r24,lo8(32)
   1:main.c        **** /***********************************************************************
   2:main.c        **** 
   3:main.c        **** CODE5.1: Program for ADC without using Header
   4:main.c        **** 
   5:main.c        **** ***********************************************************************
   6:main.c        **** COPYRIGHT(C)Technophilia Systems
   7:main.c        **** Date:...............1st May 2011
   8:main.c        **** Author:.............Prasanta Kumar Nayak
   9:main.c        **** Organization:.......Technophilia Syestems
  10:main.c        **** Target system:......AVR devlopment board s/n-107010
  11:main.c        **** Manufacturer:.......Technophilia Syestems
  12:main.c        **** Microcontroller:....ATmega-8535
  13:main.c        **** Clock:..............16mhz
  14:main.c        **** 
  15:main.c        **** ***********************************************************************/
  16:main.c        **** #include<avr/io.h>
  17:main.c        **** #include"delay.h"
  18:main.c        **** #include"lcd.h"
  19:main.c        **** 
  20:main.c        **** int main(void)
  21:main.c        **** {
 647               	_init
 648               	.LM64:
 649               		ldi r24,lo8(15)
 650               		ldi r25,hi8(15)
  22:main.c        ****  ADMUX=0x20;
 651               	lcd_init
 652               	.LM63:
 653 021c 80E2      		ldi r24,lo8(-1)
 654 021e 87B9      		out 52-0x20,r24
  23:main.c        ****  ADCSRA=0x87;
 655               	8,.LM62-lcd_init
 656               	.LM62:
 657 0220 87E8      		in r24,53-0x20
 658 0222 86B9      		sts save,r24
  24:main.c        ****  lcd_init();
 659               	init
 660               	.LM61:
 661 0224 00D0      		ldi r24,lo8(20)
 662               		ldi r25,hi8(20)
  25:main.c        ****  while(1)
  26:main.c        ****   {
  27:main.c        ****    ADCSRA|=0x40;
 663               	LM60:
 664               	/* prologue: frame size=0 */
 665 0226 369A      	/* prologue end (size=0) */
  28:main.c        ****    delayms(100);
 666               	d_init
 668 0228 84E6      	lcd_init:
 670 022c 00D0      	.LM60:
  29:main.c        ****    lcd_gotoxy(0,0);
 671               	ope9:
 673 022e 60E0      	.global	lcd_init
 675 0232 00D0      	lcd_init:
  30:main.c        ****    lcd_showvalue(ADCH);
 676               	s
 678 0234 85B1      	.Lscope9:
 680 0238 00C0      	.global	lcd_init
 682               	lcd_init:
 684               	.LM60:
 685               	/* prologue: frame size=0 */
 686               	/* prologue end (size=0) */
 688               	.LM61:
 689               		ldi r24,lo8(20)
 690               		ldi r25,hi8(20)
 691               		rcall delay_ms
 693 0000 00        	.LM62:
 694               		in r24,53-0x20
 695               		sts save,r24
 697               	.LM63:
 698               		ldi r24,lo8(-1)
 699 0001 00        		out 52-0x20,r24
 701               	.LM64:
 702               		ldi r24,lo8(15)
 703               		ldi r25,hi8(15)
 704               		rcall delay_ms
 706               	.LM65:
 707               		ldi r24,lo8(32)
 708               		out 53-0x20,r24
 710               	.LM66:
 711               		ldi r24,lo8(1)
 712               		rcall lcd_cmd
 714               	.LM67:
 715               		ldi r24,lo8(2)
 716               		rcall lcd_cmd
DEFINED SYMBOLS
                            *ABS*:00000000 main.c
C:\Users\User\AppData\Local\Temp/ccH58ax5.s:3      *ABS*:0000003f __SREG__
C:\Users\User\AppData\Local\Temp/ccH58ax5.s:4      *ABS*:0000003e __SP_H__
C:\Users\User\AppData\Local\Temp/ccH58ax5.s:5      *ABS*:0000003d __SP_L__
C:\Users\User\AppData\Local\Temp/ccH58ax5.s:6      *ABS*:00000000 __tmp_reg__
C:\Users\User\AppData\Local\Temp/ccH58ax5.s:7      *ABS*:00000001 __zero_reg__
C:\Users\User\AppData\Local\Temp/ccH58ax5.s:71     .text:00000000 delayms
                            *COM*:00000002 delaycounter1
                            *COM*:00000002 delaycounter2
C:\Users\User\AppData\Local\Temp/ccH58ax5.s:137    .text:00000050 delayus
C:\Users\User\AppData\Local\Temp/ccH58ax5.s:184    .text:00000084 dely_ns
C:\Users\User\AppData\Local\Temp/ccH58ax5.s:698    .bss:00000001 j
C:\Users\User\AppData\Local\Temp/ccH58ax5.s:692    .bss:00000000 k
C:\Users\User\AppData\Local\Temp/ccH58ax5.s:216    .text:000000a2 latch
C:\Users\User\AppData\Local\Temp/ccH58ax5.s:248    .text:000000b2 lcd_cmd
C:\Users\User\AppData\Local\Temp/ccH58ax5.s:295    .text:000000e0 lcd_char
C:\Users\User\AppData\Local\Temp/ccH58ax5.s:338    .text:00000102 lcd_string
C:\Users\User\AppData\Local\Temp/ccH58ax5.s:420    .text:0000015a lcd_showvalue
C:\Users\User\AppData\Local\Temp/ccH58ax5.s:491    .text:000001b0 lcd_gotoxy
C:\Users\User\AppData\Local\Temp/ccH58ax5.s:528    .text:000001c8 delay_ms
C:\Users\User\AppData\Local\Temp/ccH58ax5.s:573    .text:000001e8 lcd_init
C:\Users\User\AppData\Local\Temp/ccH58ax5.s:704    .bss:00000002 save
C:\Users\User\AppData\Local\Temp/ccH58ax5.s:626    .text:00000216 lcd_clear
C:\Users\User\AppData\Local\Temp/ccH58ax5.s:644    .text:0000021c main

UNDEFINED SYMBOLS
__do_copy_data
__do_clear_bss
__udivmodqi4
__divmodhi4
