   1               		.file	"main.c"
   2               		.arch atmega8535
   3               	__SREG__ = 0x3f
   4               	__SP_H__ = 0x3e
   5               	__SP_L__ = 0x3d
   6               	__tmp_reg__ = 0
   7               	__zero_reg__ = 1
   8               		.global __do_copy_data
   9               		.global __do_clear_bss
  11               		.text
  12               	.Ltext0:
  69               	.global	delayms
  71               	delayms:
  73               	.Ltext1:
   1:delay.h       **** /*	delay.h
   2:delay.h       **** *******************************************************************************************
   3:delay.h       **** COPYRIGHT(C)Technophilia Systems
   4:delay.h       **** Date:...............31st May 2011
   5:delay.h       **** Author:.............Prasanta Kumar Nayak
   6:delay.h       **** Organization:.......Technophilia Syestems
   7:delay.h       **** compiler:...........WinAVR
   8:delay.h       **** 
   9:delay.h       **** Description:
  10:delay.h       **** 
  11:delay.h       **** 	This header file generates time delay in the form of mili second and micro second
  12:delay.h       **** 	without affecting any interrupts.
  13:delay.h       **** 
  14:delay.h       **** Functions:
  15:delay.h       **** 
  16:delay.h       **** 	delayms();	  	This function provides delay in the form of mili second
  17:delay.h       **** 	delayus();	  	This function provides delay in the form of micro second
  18:delay.h       **** 	
  19:delay.h       **** *******************************************************************************************/
  20:delay.h       **** 
  21:delay.h       **** #ifndef _DELAY_H_
  22:delay.h       **** #define _DELAY_H_
  23:delay.h       **** 
  24:delay.h       **** unsigned int delaycounter1,delaycounter2;
  25:delay.h       **** 
  26:delay.h       **** void delayms(unsigned int delaytime)
  27:delay.h       **** {
  74               	ue end (size=0) */
  76               	.LM1:
  77               		sts (delaycounter1)+1,__zero_reg__
  28:delay.h       **** 	for(delaycounter1=0;delaycounter1<=delaytime;delaycounter1++)
  78               	layms:
  80 0000 1092 0000 	.Ltext1:
  82 0008 20E0      	.LM0:
  83 000a 30E0      	/* prologue: frame size=0 */
  84               	/* prologue end (size=0) */
  86               	.LM1:
  87 000c 40E0      		sts (delaycounter1)+1,__zero_reg__
  88 000e 50E0      		sts delaycounter1,__zero_reg__
  89               		ldi r18,lo8(0)
  29:delay.h       **** 	{
  30:delay.h       **** 		for(delaycounter2=0;delaycounter2<=800;delaycounter2++)
  31:delay.h       **** 		{
  32:delay.h       **** 			asm("nop");asm("nop");asm("nop");asm("nop");asm("nop");asm("nop");
  91               	.LM0:
  92               	/* prologue: frame size=0 */
  93 0010 0000      	/* prologue end (size=0) */
  95 0014 0000      	.LM1:
  96 0016 0000      		sts (delaycounter1)+1,__zero_reg__
  97 0018 0000      		sts delaycounter1,__zero_reg__
  98 001a 0000      		ldi r18,lo8(0)
  33:delay.h       **** 			asm("nop");asm("nop");asm("nop");asm("nop");asm("nop");asm("nop");
 100               	.LM0:
 101 001c 0000      	/* prologue: frame size=0 */
 102 001e 0000      	/* prologue end (size=0) */
 104 0022 0000      	.LM1:
 105 0024 0000      		sts (delaycounter1)+1,__zero_reg__
 106 0026 0000      		sts delaycounter1,__zero_reg__
 107               		ldi r18,lo8(0)
 108 0028 4F5F      		ldi r19,hi8(0)
 109 002a 5F4F      	.L2:
 111               	.LM2:
 112 002c 63E0      		ldi r20,lo8(0)
 113 002e 4132      		ldi r21,hi8(0)
 114 0030 5607      	.L3:
 116 0034 2F5F      	.LM3:
 117 0036 3F4F      	/* #APP */
 118               		nop
 119               		nop
 120 0038 8217      		nop
 121 003a 9307      		nop
 122 003c 00F4      		nop
 123 003e 3093 0000 		nop
 125 0046 5093 0000 	.LM4:
 126 004a 4093 0000 		nop
 127               		nop
 128 004e 0895      		nop
 129               		nop
 130               		nop
 131               		nop
 132               	/* #NOAPP */
 133               		subi r20,lo8(-(1))
 134               		sbci r21,hi8(-(1))
 136               	.LM5:
 137               		ldi r22,hi8(801)
  34:delay.h       **** 		}
  35:delay.h       **** 	}
  36:delay.h       **** }
  37:delay.h       **** 
  38:delay.h       **** void delayus(unsigned int delaytime)
  39:delay.h       **** {
 138               		nop
 139               		nop
 141               	.LM4:
  40:delay.h       **** 	for(delaycounter1=0;delaycounter1<=delaytime;delaycounter1++)
 142               	8(0)
 143               	.L2:
 145 0054 1092 0000 	.LM2:
 146 0058 20E0      		ldi r20,lo8(0)
 147 005a 30E0      		ldi r21,hi8(0)
 148               	.L3:
  41:delay.h       **** 	{
  42:delay.h       **** 		asm("nop");asm("nop");asm("nop");asm("nop");asm("nop");asm("nop");
 149               	68,0,28,.LM1-delayms
 150               	.LM1:
 151               		sts (delaycounter1)+1,__zero_reg__
 152 005c 0000      		sts delaycounter1,__zero_reg__
 153 005e 0000      		ldi r18,lo8(0)
 154 0060 0000      		ldi r19,hi8(0)
 155 0062 0000      	.L2:
 157 0066 0000      	.LM2:
  43:delay.h       **** 		asm("nop");asm("nop");asm("nop");asm("nop");
 158               	 */
 159               	/* prologue end (size=0) */
 161 006a 0000      	.LM1:
 162 006c 0000      		sts (delaycounter1)+1,__zero_reg__
 163 006e 0000      		sts delaycounter1,__zero_reg__
 164               		ldi r18,lo8(0)
 165 0070 2F5F      		ldi r19,hi8(0)
 166 0072 3F4F      	.L2:
 168               	.LM2:
 169 0074 8217      		ldi r20,lo8(0)
 170 0076 9307      		ldi r21,hi8(0)
 171 0078 00F4      	.L3:
 173 007e 2093 0000 	.LM3:
 174               	/* #APP */
 175 0082 0895      		nop
 176               		nop
 177               		nop
 178               		nop
 179               		nop
 180               		nop
 182               	.LM4:
 183               		nop
 184               		nop
 185               		nop
   1:main.c        **** /***********************************************************************
   2:main.c        **** 
   3:main.c        **** CODE8: Program to play tune on Buzzer
   4:main.c        **** 
   5:main.c        **** ***********************************************************************
   6:main.c        **** COPYRIGHT(C)Technophilia Systems
   7:main.c        **** Date:...............31st May 2011
   8:main.c        **** Author:.............Prasanta Kumar Nayak
   9:main.c        **** Organization:.......Technophilia Syestems
  10:main.c        **** Target system:......AVR devlopment board s/n-107010
  11:main.c        **** Manufacturer:.......Technophilia Syestems
  12:main.c        **** Microcontroller:....ATmega-8535
  13:main.c        **** Clock:..............16mhz
  14:main.c        **** 
  15:main.c        **** ***********************************************************************/
  16:main.c        **** 
  17:main.c        **** #include<avr/io.h>		//This is the header for AVR Microcontroller.
  18:main.c        **** #include"delay.h"       //This is the working header file for delay.
  19:main.c        **** 
  20:main.c        **** int main(void)
  21:main.c        ****  {	
 186               	68,0,28,.LM2-delayms
 187               	.LM2:
 188               		ldi r20,lo8(0)
 189 0084 1F93      		ldi r21,hi8(0)
 190               	.L3:
  22:main.c        **** 	PORTC=0X00;			//PortC initiallization as all bits low.
 191               	68,0,28,.LM1-delayms
 192               	.LM1:
 193 0086 15BA      		sts (delaycounter1)+1,__zero_reg__
  23:main.c        **** 	DDRC=0X08;			//PortC data direction declaration as out put.
 194               	layms:
 196 0088 88E0      	.Ltext1:
 198               	.LM0:
  24:main.c        **** 	
  25:main.c        **** 	while(1)			//This is for the the infinity loop.
  26:main.c        **** 	{	
  27:main.c        **** 		PORTC=0x08;     //Turn ON BZ connected on PC3
 199               		162,0,0,0
 202 008e 15BB      	.global	delayms
  28:main.c        **** 		delayms(300);	//Delay
 203               	tr_t:t(3,1)=(4,5)",128,0,0,0
  29:main.c        **** 		PORTC=0x00;		//Turn OFF BZ connected on PC3
 208               	bs	"delayms:F(0,15)",36,0,0,delayms
 210 0096 15BA      	.global	delayms
  30:main.c        **** 		delayms(50);   //Delay
 211               	tr_t:t(3,1)=(4,5)",128,0,0,0
  31:main.c        **** 		
  32:main.c        **** 		PORTC=0x08;     //Turn ON BZ connected on PC3
 216               	bs	"delayms:F(0,15)",36,0,0,delayms
 218 009e 15BB      	.global	delayms
  33:main.c        **** 		delayms(300);
 219               	tr_t:t(3,1)=(4,5)",128,0,0,0
  34:main.c        **** 		PORTC=0x00;		//Turn OFF BZ connected on PC3
 224               	bs	"delayms:F(0,15)",36,0,0,delayms
 226 00a6 15BA      	.global	delayms
  35:main.c        **** 		delayms(50);  
 227               	tr_t:t(3,1)=(4,5)",128,0,0,0
  36:main.c        **** 		
  37:main.c        **** 		PORTC=0x08;     //Turn ON BZ connected on PC3
 232               	bs	"delayms:F(0,15)",36,0,0,delayms
 234 00ae 15BB      	.global	delayms
  38:main.c        **** 		delayms(100);
 235               	tr_t:t(3,1)=(4,5)",128,0,0,0
  39:main.c        **** 		PORTC=0x00;		//Turn OFF BZ connected on PC3
 240               	bs	"delayms:F(0,15)",36,0,0,delayms
 242 00b6 15BA      	.global	delayms
  40:main.c        **** 		delayms(30);
 243               	tr_t:t(3,1)=(4,5)",128,0,0,0
  41:main.c        **** 		
  42:main.c        **** 		PORTC=0x08;     //Turn ON BZ connected on PC3
 248               	bs	"delayms:F(0,15)",36,0,0,delayms
 250 00be 15BB      	.global	delayms
  43:main.c        **** 		delayms(100);	
 251               	tr_t:t(3,1)=(4,5)",128,0,0,0
  44:main.c        **** 		PORTC=0x00;		//Turn OFF BZ connected on PC3
 256               	bs	"delayms:F(0,15)",36,0,0,delayms
 258 00c6 15BA      	.global	delayms
  45:main.c        **** 		delayms(30);  
 259               	tr_t:t(3,1)=(4,5)",128,0,0,0
  46:main.c        **** 		
  47:main.c        **** 		PORTC=0x08;     //Turn ON BZ connected on PC3
 264               	bs	"delayms:F(0,15)",36,0,0,delayms
 266 00ce 15BB      	.global	delayms
  48:main.c        **** 		delayms(500);	
 267               	tr_t:t(3,1)=(4,5)",128,0,0,0
  49:main.c        **** 		PORTC=0x00;		//Turn OFF BZ connected on PC3
 272               	bs	"delayms:F(0,15)",36,0,0,delayms
 274 00d6 15BA      	.global	delayms
  50:main.c        **** 		delayms(50); 
 275               	tr_t:t(3,1)=(4,5)",128,0,0,0
 282               	.global	delayms
 284               	delayms:
 286               	.Ltext1:
 288               	.LM0:
 289               	/* prologue: frame size=0 */
 290               	/* prologue end (size=0) */
 292               	.LM1:
 293               		sts (delaycounter1)+1,__zero_reg__
DEFINED SYMBOLS
                            *ABS*:00000000 main.c
C:\DOCUME~1\TECHNO~1\LOCALS~1\Temp/cclwf9zR.s:3      *ABS*:0000003f __SREG__
C:\DOCUME~1\TECHNO~1\LOCALS~1\Temp/cclwf9zR.s:4      *ABS*:0000003e __SP_H__
C:\DOCUME~1\TECHNO~1\LOCALS~1\Temp/cclwf9zR.s:5      *ABS*:0000003d __SP_L__
C:\DOCUME~1\TECHNO~1\LOCALS~1\Temp/cclwf9zR.s:6      *ABS*:00000000 __tmp_reg__
C:\DOCUME~1\TECHNO~1\LOCALS~1\Temp/cclwf9zR.s:7      *ABS*:00000001 __zero_reg__
C:\DOCUME~1\TECHNO~1\LOCALS~1\Temp/cclwf9zR.s:71     .text:00000000 delayms
                            *COM*:00000002 delaycounter1
                            *COM*:00000002 delaycounter2
C:\DOCUME~1\TECHNO~1\LOCALS~1\Temp/cclwf9zR.s:137    .text:00000050 delayus
C:\DOCUME~1\TECHNO~1\LOCALS~1\Temp/cclwf9zR.s:183    .text:00000084 main

UNDEFINED SYMBOLS
__do_copy_data
__do_clear_bss
