   1               		.file	"main.c"
   2               		.arch atmega8535
   3               	__SREG__ = 0x3f
   4               	__SP_H__ = 0x3e
   5               	__SP_L__ = 0x3d
   6               	__tmp_reg__ = 0
   7               	__zero_reg__ = 1
   8               		.global __do_copy_data
   9               		.global __do_clear_bss
  11               		.text
  12               	.Ltext0:
  69               	.global	delayms
  71               	delayms:
  73               	.Ltext1:
   1:delay.h       **** /*	LCD.h
   2:delay.h       **** Technophilia embedded systems
   3:delay.h       **** 
   4:delay.h       **** 	this header file provides time delay in the form of mili second and micro second
   5:delay.h       **** 	without affecting any interrupts.
   6:delay.h       **** 
   7:delay.h       **** 	delayms()  this function provides delay in the form of mili second
   8:delay.h       **** 	delayus()  this function provides delay in the form of micro second
   9:delay.h       **** 	
  10:delay.h       **** */
  11:delay.h       **** #ifndef _DELAY_H_
  12:delay.h       **** #define _DELAY_H_
  13:delay.h       **** unsigned int delaycounter1,delaycounter2;
  14:delay.h       **** void delayms(unsigned int delaytime)
  15:delay.h       **** {
  74               	ue end (size=0) */
  76               	.LM1:
  77               		sts (delaycounter1)+1,__zero_reg__
  16:delay.h       **** 
  17:delay.h       **** 	 for(delaycounter1=0;delaycounter1<=delaytime;delaycounter1++)
  78               	 delaycounter1,__zero_reg__
  79               		ldi r18,lo8(0)
  80 0000 1092 0000 		ldi r19,hi8(0)
  81 0004 1092 0000 	.L2:
  83 000a 30E0      	.LM2:
  84               		ldi r20,lo8(0)
  85               		ldi r21,hi8(0)
  86               	.L3:
  88 000e 50E0      	.LM3:
  89               	/* #APP */
  18:delay.h       **** 	 {
  19:delay.h       **** 		 for(delaycounter2=0;delaycounter2<=800;delaycounter2++)
  20:delay.h       **** 		  {
  21:delay.h       **** 		  asm("nop");asm("nop");asm("nop");asm("nop");asm("nop");asm("nop");
  90               	op
  91               		nop
  92               		nop
  93 0010 0000      		nop
  95 0014 0000      	.LM4:
  96 0016 0000      		nop
  97 0018 0000      		nop
  98 001a 0000      		nop
  22:delay.h       **** 		  asm("nop");asm("nop");asm("nop");asm("nop");asm("nop");asm("nop");
  99               	
 100               		nop
 101 001c 0000      	/* #NOAPP */
 102 001e 0000      		subi r20,lo8(-(1))
 103 0020 0000      		sbci r21,hi8(-(1))
 105 0024 0000      	.LM5:
 106 0026 0000      		ldi r22,hi8(801)
 107               		cpi r20,lo8(801)
 108 0028 4F5F      		cpc r21,r22
 109 002a 5F4F      		brne .L3
 110               		subi r18,lo8(-(1))
 111               		sbci r19,hi8(-(1))
 113 002e 4132      	.LM6:
 114 0030 5607      		cp r24,r18
 115 0032 01F4      		cpc r25,r19
 116 0034 2F5F      		brsh .L2
 117 0036 3F4F      		sts (delaycounter1)+1,r19
 118               		sts delaycounter1,r18
 119               		sts (delaycounter2)+1,r21
 120 0038 8217      		sts delaycounter2,r20
 121 003a 9307      	/* epilogue: frame size=0 */
 122 003c 00F4      		ret
 123 003e 3093 0000 	/* epilogue end (size=1) */
 124 0042 2093 0000 	/* function delayms size 52 (51) */
 126 004a 4093 0000 	.Lscope0:
 129               	.global	delayus
 131               	delayus:
 133               	.LM7:
 134               	/* prologue: frame size=0 */
 135               	/* prologue end (size=0) */
 137               	.LM8:
  23:delay.h       **** 		  }
  24:delay.h       **** 		
  25:delay.h       **** 	 }
  26:delay.h       **** }
  27:delay.h       **** 
  28:delay.h       **** void delayus(unsigned int delaytime)
  29:delay.h       **** {
 138               	ts delaycounter1,__zero_reg__
 139               		ldi r18,lo8(0)
 140               		ldi r19,hi8(0)
 141               	.L12:
  30:delay.h       **** 
  31:delay.h       **** 	 for(delaycounter1=0;delaycounter1<=delaytime;delaycounter1++)
 142               	abn	68,0,34,.LM9-delayus
 143               	.LM9:
 144 0050 1092 0000 	/* #APP */
 145 0054 1092 0000 		nop
 146 0058 20E0      		nop
 147 005a 30E0      		nop
 148               		nop
  32:delay.h       **** 	 {
  33:delay.h       **** 		 
  34:delay.h       **** 		  asm("nop");asm("nop");asm("nop");asm("nop");asm("nop");asm("nop");
 149               	op
 151               	.LM10:
 152 005c 0000      		nop
 153 005e 0000      		nop
 154 0060 0000      		nop
 155 0062 0000      		nop
 156 0064 0000      	/* #NOAPP */
 157 0066 0000      		subi r18,lo8(-(1))
  35:delay.h       **** 		  asm("nop");asm("nop");asm("nop");asm("nop");
 158               	,hi8(-(1))
 160 0068 0000      	.LM11:
 161 006a 0000      		cp r24,r18
 162 006c 0000      		cpc r25,r19
 163 006e 0000      		brsh .L12
 164               		sts (delaycounter1)+1,r19
 165 0070 2F5F      		sts delaycounter1,r18
 166 0072 3F4F      	/* epilogue: frame size=0 */
 167               		ret
 168               	/* epilogue end (size=1) */
 169 0074 8217      	/* function delayus size 36 (35) */
 171 0078 00F4      	.Lscope1:
 173 007e 2093 0000 	.global	__vector_6
 175 0082 0895      	__vector_6:
 177               	.Ltext2:
 179               	.LM12:
 180               	/* prologue: frame size=0 */
 181               		push __zero_reg__
 182               		push __tmp_reg__
 183               		in __tmp_reg__,__SREG__
 184               		push __tmp_reg__
 185               		clr __zero_reg__
   1:main.c        **** /***********************************************************************
   2:main.c        **** 
   3:main.c        **** CODE11: Anode type: Program for display Alphabets on matrix LED 
   4:main.c        **** 
   5:main.c        **** ***********************************************************************
   6:main.c        **** COPYRIGHT(C)Technophilia Systems
   7:main.c        **** Date:...............1st May 2011
   8:main.c        **** Author:.............Prasanta Kumar Nayak
   9:main.c        **** Organization:.......Technophilia Syestems
  10:main.c        **** Target system:......AVR devlopment board s/n-107010
  11:main.c        **** Manufacturer:.......Technophilia Syestems
  12:main.c        **** Microcontroller:....ATmega-8535
  13:main.c        **** Clock:..............16mhz
  14:main.c        **** 
  15:main.c        **** ***********************************************************************/
  16:main.c        **** #include<avr/io.h>
  17:main.c        **** #include<avr/interrupt.h>
  18:main.c        **** #include"delay.h"
  19:main.c        **** 
  20:main.c        **** unsigned char d,imat;
  21:main.c        **** unsigned char dar[7];
  22:main.c        **** 
  23:main.c        **** ISR (TIMER1_COMPA_vect) // void timer1_compA_isr(void)
  24:main.c        **** {
 186               	0
 187               		push r21
 188               		push r22
 189 0084 1F92      		push r23
 190 0086 0F92      		push r24
 191 0088 0FB6      		push r25
 192 008a 0F92      		push r26
 193 008c 1124      		push r27
 194 008e 2F93      		push r30
 195 0090 3F93      		push r31
 196 0092 4F93      	/* prologue end (size=17) */
 198 0096 6F93      	.LM13:
 199 0098 7F93      		lds r24,imat
 200 009a 8F93      		mov r30,r24
 201 009c 9F93      		clr r31
 202 009e AF93      		subi r30,lo8(-(dar))
 203 00a0 BF93      		sbci r31,hi8(-(dar))
 204 00a2 EF93      		ld r25,Z
 205 00a4 FF93      		or r24,r25
 206               		out 59-0x20,r24
  25:main.c        ****   PORTA=dar[imat]|imat;
 207               	-__vector_6
 208               	.LM14:
 209 00a6 8091 0000 		ldi r24,lo8(1)
 210 00aa E82F      		ldi r25,hi8(1)
 211 00ac FF27      		rcall delayms
 213 00b0 F040      	.LM15:
 214 00b2 9081      		lds r24,imat
 215 00b4 892B      		cpi r24,lo8(6)
 216 00b6 8BBB      		brlo .L18
  26:main.c        ****    delayms(1);
 217               	,0,28,.LM16-__vector_6
 218               	.LM16:
 219 00b8 81E0      		sts imat,__zero_reg__
 220 00ba 90E0      		rjmp .L21
 221 00bc 00D0      	.L18:
  27:main.c        ****    if(imat>=6)
 222               	bn	68,0,30,.LM17-__vector_6
 223               	.LM17:
 224 00be 8091 0000 		subi r24,lo8(-(1))
 225 00c2 8630      		sts imat,r24
 226 00c4 00F0      	.L21:
  28:main.c        ****     imat=0;
 227               	ilogue: frame size=0 */
 228               		pop r31
 229 00c6 1092 0000 		pop r30
 230 00ca 00C0      		pop r27
 231               		pop r26
  29:main.c        ****    else	
  30:main.c        **** 	imat++;
 232               	r25
 233               		pop r24
 234 00cc 8F5F      		pop r23
 235 00ce 8093 0000 		pop r22
 236               		pop r21
 237               		pop r20
 238 00d2 FF91      		pop r19
 239 00d4 EF91      		pop r18
 240 00d6 BF91      		pop __tmp_reg__
 241 00d8 AF91      		out __SREG__,__tmp_reg__
 242 00da 9F91      		pop __tmp_reg__
 243 00dc 8F91      		pop __zero_reg__
 244 00de 7F91      		reti
 245 00e0 6F91      	/* epilogue end (size=17) */
 246 00e2 5F91      	/* function __vector_6 size 56 (22) */
 248 00e6 3F91      	.Lscope2:
 250 00ea 0F90      	.global	A
 252 00ee 0F90      	A:
 254 00f2 1895      	.LM18:
 255               	/* prologue: frame size=0 */
 256               	/* prologue end (size=0) */
 258               	.LM19:
 259               		ldi r24,lo8(-120)
 260               		sts dar,r24
 262               	.LM20:
  31:main.c        **** }
  32:main.c        **** 
  33:main.c        **** void A() 
  34:main.c        ****  {
 263               	4
 265               	.LM21:
 266               		sts dar+2,r24
  35:main.c        ****   dar[0]=0x88;
 267               	abn	68,0,38,.LM22-A
 268               	.LM22:
 269 00f4 88E8      		sts dar+3,r24
  36:main.c        ****   dar[1]=0x70;
 271               	3:
 272               		sts dar+4,__zero_reg__
 274 00fc 8093 0000 	.LM24:
  37:main.c        ****   dar[2]=0x70;
 275               	 dar+5,r24
 277 0100 8093 0000 	.LM25:
  38:main.c        ****   dar[3]=0x70;
 278               	s dar+6,r24
 279               	/* epilogue: frame size=0 */
 280 0104 8093 0000 		ret
  39:main.c        ****   dar[4]=0x00;
 281               	epilogue end (size=1) */
 282               	/* function A size 17 (16) */
  40:main.c        ****   dar[5]=0x70;
 284               	cope3:
 286 010c 8093 0000 	.global	B
  41:main.c        ****   dar[6]=0x70;
 287               	ype	B, @function
 288               	B:
 290               	.LM26:
 291 0114 0895      	/* prologue: frame size=0 */
 292               	/* prologue end (size=0) */
 294               	.LM27:
 295               		ldi r25,lo8(8)
 296               		sts dar,r25
 298               	.LM28:
 299               		ldi r24,lo8(112)
  42:main.c        ****  }
  43:main.c        ****  
  44:main.c        **** void B() 
  45:main.c        ****  {
 300               	4
 302               	.LM29:
 303               		sts dar+2,r24
  46:main.c        ****   dar[0]=0x08;
 304               	abn	68,0,49,.LM30-B
 305               	.LM30:
 306 0116 98E0      		sts dar+3,r25
  47:main.c        ****   dar[1]=0x70;
 308               	1:
 309               		sts dar+4,r24
 311 011e 8093 0000 	.LM32:
  48:main.c        ****   dar[2]=0x70;
 312               	 dar+5,r24
 314 0122 8093 0000 	.LM33:
  49:main.c        ****   dar[3]=0x08;
 315               	s dar+6,r25
 316               	/* epilogue: frame size=0 */
 317 0126 9093 0000 		ret
  50:main.c        ****   dar[4]=0x70;
 318               	epilogue end (size=1) */
 319               	/* function B size 17 (16) */
  51:main.c        ****   dar[5]=0x70;
 321               	cope4:
 323 012e 8093 0000 	.global	C
  52:main.c        ****   dar[6]=0x08;
 324               	ype	C, @function
 325               	C:
 327               	.LM34:
 328 0136 0895      	/* prologue: frame size=0 */
 329               	/* prologue end (size=0) */
 331               	.LM35:
 332               		ldi r18,lo8(-120)
 333               		sts dar,r18
 335               	.LM36:
 336               		ldi r25,lo8(112)
  53:main.c        ****  }
  54:main.c        ****  
  55:main.c        **** void C()
  56:main.c        ****  {
 337               	5
 339               	.LM37:
 340               		ldi r24,lo8(120)
  57:main.c        ****   dar[0]=0x88;
 341               	 dar+2,r24
 343 0138 28E8      	.LM38:
 344 013a 2093 0000 		sts dar+3,r24
  58:main.c        ****   dar[1]=0x70;
 345               	abn	68,0,61,.LM39-C
 346               	.LM39:
 347 013e 90E7      		sts dar+4,r24
  59:main.c        ****   dar[2]=0x78;
 349               	0:
 350               		sts dar+5,r25
 352 0146 8093 0000 	.LM41:
  60:main.c        ****   dar[3]=0x78;
 353               	 dar+6,r18
 354               	/* epilogue: frame size=0 */
 355 014a 8093 0000 		ret
  61:main.c        ****   dar[4]=0x78;
 356               	epilogue end (size=1) */
 357               	/* function C size 18 (17) */
  62:main.c        ****   dar[5]=0x70;
 359               	cope5:
 361 0152 9093 0000 	.global	D
  63:main.c        ****   dar[6]=0x88;
 362               	ype	D, @function
 363               	D:
 365               	.LM42:
 366 015a 0895      	/* prologue: frame size=0 */
 367               	/* prologue end (size=0) */
 369               	.LM43:
 370               		ldi r18,lo8(24)
 371               		sts dar,r18
 373               	.LM44:
 374               		ldi r25,lo8(104)
  64:main.c        ****  }
  65:main.c        ****  
  66:main.c        **** void D()
  67:main.c        ****  {
 375               	5
 377               	.LM45:
 378               		ldi r24,lo8(112)
  68:main.c        ****   dar[0]=0x18;
 379               	 dar+2,r24
 381 015c 28E1      	.LM46:
 382 015e 2093 0000 		sts dar+3,r24
  69:main.c        ****   dar[1]=0x68;
 383               	abn	68,0,72,.LM47-D
 384               	.LM47:
 385 0162 98E6      		sts dar+4,r24
  70:main.c        ****   dar[2]=0x70;
 387               	8:
 388               		sts dar+5,r25
 390 016a 8093 0000 	.LM49:
  71:main.c        ****   dar[3]=0x70;
 391               	 dar+6,r18
 392               	/* epilogue: frame size=0 */
 393 016e 8093 0000 		ret
  72:main.c        ****   dar[4]=0x70;
 394               	epilogue end (size=1) */
 395               	/* function D size 18 (17) */
  73:main.c        ****   dar[5]=0x68;
 397               	cope6:
 399 0176 9093 0000 	.global	E
  74:main.c        ****   dar[6]=0x18;
 400               	ype	E, @function
 401               	E:
 403               	.LM50:
 404 017e 0895      	/* prologue: frame size=0 */
 405               	/* prologue end (size=0) */
 407               	.LM51:
 408               		sts dar,__zero_reg__
 410               	.LM52:
 411               		ldi r24,lo8(120)
 412               		sts dar+1,r24
  75:main.c        ****  } 
  76:main.c        ****  
  77:main.c        **** void E()
  78:main.c        ****  {
 413               	81,.LM53-E
 414               	.LM53:
 415               		sts dar+2,r24
  79:main.c        ****   dar[0]=0x00;
 417               	4:
 418               		sts dar+3,__zero_reg__
  80:main.c        ****   dar[1]=0x78;
 420               	55:
 421               		sts dar+4,r24
 423 0186 8093 0000 	.LM56:
  81:main.c        ****   dar[2]=0x78;
 424               	 dar+5,r24
 426 018a 8093 0000 	.LM57:
  82:main.c        ****   dar[3]=0x00;
 427               	s dar+6,__zero_reg__
 428               	/* epilogue: frame size=0 */
 429 018e 1092 0000 		ret
  83:main.c        ****   dar[4]=0x78;
 430               	epilogue end (size=1) */
 431               	/* function E size 16 (15) */
  84:main.c        ****   dar[5]=0x78;
 433               	cope7:
 435 0196 8093 0000 	.global	F
  85:main.c        ****   dar[6]=0x00;
 436               	ype	F, @function
 437               	F:
 439               	.LM58:
 440 019e 0895      	/* prologue: frame size=0 */
 441               	/* prologue end (size=0) */
 443               	.LM59:
 444               		sts dar,__zero_reg__
 446               	.LM60:
 447               		ldi r25,lo8(120)
 448               		sts dar+1,r25
  86:main.c        ****  }  
  87:main.c        ****  
  88:main.c        **** void F()
  89:main.c        ****  {
 449               	92,.LM61-F
 450               	.LM61:
 451               		sts dar+2,r25
  90:main.c        ****   dar[0]=0x00;
 453               	2:
 454               		ldi r24,lo8(8)
 455 01a0 1092 0000 		sts dar+3,r24
  91:main.c        ****   dar[1]=0x78;
 456               	tabn	68,0,94,.LM63-F
 457               	.LM63:
 458 01a4 98E7      		sts dar+4,r25
  92:main.c        ****   dar[2]=0x78;
 460               	4:
 461               		sts dar+5,r25
  93:main.c        ****   dar[3]=0x08;
 463               	65:
 464               		sts dar+6,r25
 465 01ae 88E0      	/* epilogue: frame size=0 */
 466 01b0 8093 0000 		ret
  94:main.c        ****   dar[4]=0x78;
 467               	pilogue end (size=1) */
 468               	/* function F size 17 (16) */
  95:main.c        ****   dar[5]=0x78;
 470               	cope8:
 472 01b8 9093 0000 	.global	G
  96:main.c        ****   dar[6]=0x78;
 473               	ype	G, @function
 474               	G:
 476               	.LM66:
 477 01c0 0895      	/* prologue: frame size=0 */
 478               	/* prologue end (size=0) */
 480               	.LM67:
 481               		ldi r24,lo8(-120)
 482               		sts dar,r24
 484               	.LM68:
 485               		ldi r25,lo8(112)
  97:main.c        ****  }  
  98:main.c        **** 
  99:main.c        **** void G()
 100:main.c        ****  {
 486               	5
 488               	.LM69:
 489               		ldi r24,lo8(120)
 101:main.c        ****   dar[0]=0x88;
 490               	 dar+2,r24
 492 01c2 88E8      	.LM70:
 493 01c4 8093 0000 		ldi r24,lo8(96)
 102:main.c        ****   dar[1]=0x70;
 494               	 dar+3,r24
 496 01c8 90E7      	.LM71:
 497 01ca 9093 0000 		sts dar+4,r25
 103:main.c        ****   dar[2]=0x78;
 498               	abn	68,0,106,.LM72-G
 499               	.LM72:
 500 01ce 88E7      		sts dar+5,r25
 104:main.c        ****   dar[3]=0x60;
 502               	3:
 503               		ldi r24,lo8(-128)
 504 01d4 80E6      		sts dar+6,r24
 505 01d6 8093 0000 	/* epilogue: frame size=0 */
 105:main.c        ****   dar[4]=0x70;
 506               	
 507               	/* epilogue end (size=1) */
 508 01da 9093 0000 	/* function G size 20 (19) */
 106:main.c        ****   dar[5]=0x70;
 509               	size	G, .-G
 510               	.Lscope9:
 107:main.c        ****   dar[6]=0x80;
 512               	obal	H
 514 01e2 80E8      	H:
 516               	.LM74:
 517 01e8 0895      	/* prologue: frame size=0 */
 518               	/* prologue end (size=0) */
 520               	.LM75:
 521               		ldi r24,lo8(112)
 522               		sts dar,r24
 524               	.LM76:
 525               		sts dar+1,r24
 108:main.c        ****  } 
 109:main.c        ****  
 110:main.c        **** void H() 
 111:main.c        ****  {
 526               	14,.LM77-H
 527               	.LM77:
 528               		sts dar+2,r24
 112:main.c        ****   dar[0]=0x70;
 530               	8:
 531               		sts dar+3,__zero_reg__
 533 01ec 8093 0000 	.LM79:
 113:main.c        ****   dar[1]=0x70;
 534               	 dar+4,r24
 536 01f0 8093 0000 	.LM80:
 114:main.c        ****   dar[2]=0x70;
 537               	s dar+5,r24
 539 01f4 8093 0000 	.LM81:
 115:main.c        ****   dar[3]=0x00;
 540               	s dar+6,r24
 541               	/* epilogue: frame size=0 */
 542 01f8 1092 0000 		ret
 116:main.c        ****   dar[4]=0x70;
 543               	epilogue end (size=1) */
 544               	/* function H size 16 (15) */
 117:main.c        ****   dar[5]=0x70;
 546               	cope10:
 548 0200 8093 0000 	.global	I
 118:main.c        ****   dar[6]=0x70;
 549               	ype	I, @function
 550               	I:
 552               	.LM82:
 553 0208 0895      	/* prologue: frame size=0 */
 554               	/* prologue end (size=0) */
 556               	.LM83:
 557               		ldi r25,lo8(-120)
 558               		sts dar,r25
 560               	.LM84:
 561               		ldi r24,lo8(-40)
 119:main.c        ****  }
 120:main.c        ****  
 121:main.c        **** void I() 
 122:main.c        ****  {
 562               	4
 564               	.LM85:
 565               		sts dar+2,r24
 123:main.c        ****   dar[0]=0x88;
 566               	abn	68,0,126,.LM86-I
 567               	.LM86:
 568 020a 98E8      		sts dar+3,r24
 124:main.c        ****   dar[1]=0xD8;
 570               	7:
 571               		sts dar+4,r24
 573 0212 8093 0000 	.LM88:
 125:main.c        ****   dar[2]=0xD8;
 574               	 dar+5,r24
 576 0216 8093 0000 	.LM89:
 126:main.c        ****   dar[3]=0xD8;
 577               	s dar+6,r25
 578               	/* epilogue: frame size=0 */
 579 021a 8093 0000 		ret
 127:main.c        ****   dar[4]=0xD8;
 580               	epilogue end (size=1) */
 581               	/* function I size 17 (16) */
 128:main.c        ****   dar[5]=0xD8;
 583               	cope11:
 585 0222 8093 0000 	.global	J
 129:main.c        ****   dar[6]=0x88;
 586               	ype	J, @function
 587               	J:
 589               	.LM90:
 590 022a 0895      	/* prologue: frame size=0 */
 591               	/* prologue end (size=0) */
 593               	.LM91:
 594               		ldi r24,lo8(-64)
 595               		sts dar,r24
 597               	.LM92:
 598               		ldi r24,lo8(-24)
 130:main.c        ****  }
 131:main.c        ****  
 132:main.c        **** void J() 
 133:main.c        ****  {
 599               	4
 601               	.LM93:
 602               		sts dar+2,r24
 134:main.c        ****   dar[0]=0xC0;
 603               	abn	68,0,137,.LM94-J
 604               	.LM94:
 605 022c 80EC      		sts dar+3,r24
 135:main.c        ****   dar[1]=0xE8;
 607               	5:
 608               		sts dar+4,r24
 610 0234 8093 0000 	.LM96:
 136:main.c        ****   dar[2]=0xE8;
 611               	 r24,lo8(104)
 612               		sts dar+5,r24
 137:main.c        ****   dar[3]=0xE8;
 614               	97:
 615               		ldi r24,lo8(-104)
 616 023c 8093 0000 		sts dar+6,r24
 138:main.c        ****   dar[4]=0xE8;
 617               	epilogue: frame size=0 */
 618               		ret
 619 0240 8093 0000 	/* epilogue end (size=1) */
 139:main.c        ****   dar[5]=0x68;
 620               	function J size 19 (18) */
 622 0244 88E6      	.Lscope12:
 140:main.c        ****   dar[6]=0x98;
 624               	bal	K
 626 024a 88E9      	K:
 628               	.LM98:
 629 0250 0895      	/* prologue: frame size=0 */
 630               	/* prologue end (size=0) */
 632               	.LM99:
 633               		ldi r19,lo8(112)
 634               		sts dar,r19
 636               	.LM100:
 637               		ldi r18,lo8(104)
 141:main.c        ****  }
 142:main.c        ****  
 143:main.c        **** void K() 
 144:main.c        ****  {
 638               	
 640               	.LM101:
 641               		ldi r25,lo8(88)
 145:main.c        ****   dar[0]=0x70;
 642               	s dar+2,r25
 644 0252 30E7      	.LM102:
 645 0254 3093 0000 		ldi r24,lo8(56)
 146:main.c        ****   dar[1]=0x68;
 646               	 dar+3,r24
 648 0258 28E6      	.LM103:
 649 025a 2093 0000 		sts dar+4,r25
 147:main.c        ****   dar[2]=0x58;
 650               	abn	68,0,150,.LM104-K
 651               	.LM104:
 652 025e 98E5      		sts dar+5,r18
 148:main.c        ****   dar[3]=0x38;
 654               	05:
 655               		sts dar+6,r19
 656 0264 88E3      	/* epilogue: frame size=0 */
 657 0266 8093 0000 		ret
 149:main.c        ****   dar[4]=0x58;
 658               	pilogue end (size=1) */
 659               	/* function K size 19 (18) */
 150:main.c        ****   dar[5]=0x68;
 661               	cope13:
 663 026e 2093 0000 	.global	L
 151:main.c        ****   dar[6]=0x70;
 664               	ype	L, @function
 665               	L:
 667               	.LM106:
 668 0276 0895      	/* prologue: frame size=0 */
 669               	/* prologue end (size=0) */
 671               	.LM107:
 672               		ldi r24,lo8(120)
 673               		sts dar,r24
 675               	.LM108:
 676               		sts dar+1,r24
 152:main.c        ****  }
 153:main.c        ****  
 154:main.c        **** void L() 
 155:main.c        ****  {
 677               	158,.LM109-L
 678               	.LM109:
 679               		sts dar+2,r24
 156:main.c        ****   dar[0]=0x78;
 681               	10:
 682               		sts dar+3,r24
 684 027a 8093 0000 	.LM111:
 157:main.c        ****   dar[1]=0x78;
 685               	 dar+4,r24
 687 027e 8093 0000 	.LM112:
 158:main.c        ****   dar[2]=0x78;
 688               	s dar+5,r24
 690 0282 8093 0000 	.LM113:
 159:main.c        ****   dar[3]=0x78;
 691               	s dar+6,__zero_reg__
 692               	/* epilogue: frame size=0 */
 693 0286 8093 0000 		ret
 160:main.c        ****   dar[4]=0x78;
 694               	epilogue end (size=1) */
 695               	/* function L size 16 (15) */
 161:main.c        ****   dar[5]=0x78;
 697               	cope14:
 699 028e 8093 0000 	.global	M
 162:main.c        ****   dar[6]=0x00;
 700               	ype	M, @function
 701               	M:
 703               	.LM114:
 704 0296 0895      	/* prologue: frame size=0 */
 705               	/* prologue end (size=0) */
 707               	.LM115:
 708               		ldi r24,lo8(112)
 709               		sts dar,r24
 711               	.LM116:
 712               		ldi r25,lo8(32)
 163:main.c        ****  }
 164:main.c        **** void M() 
 165:main.c        ****  {
 713               	5
 715               	.LM117:
 716               		ldi r25,lo8(80)
 166:main.c        ****   dar[0]=0x70;
 717               	 dar+2,r25
 719 0298 80E7      	.LM118:
 720 029a 8093 0000 		sts dar+3,r25
 167:main.c        ****   dar[1]=0x20;
 721               	abn	68,0,170,.LM119-M
 722               	.LM119:
 723 029e 90E2      		sts dar+4,r24
 168:main.c        ****   dar[2]=0x50;
 725               	20:
 726               		sts dar+5,r24
 728 02a6 9093 0000 	.LM121:
 169:main.c        ****   dar[3]=0x50;
 729               	 dar+6,r24
 730               	/* epilogue: frame size=0 */
 731 02aa 9093 0000 		ret
 170:main.c        ****   dar[4]=0x70;
 732               	epilogue end (size=1) */
 733               	/* function M size 18 (17) */
 171:main.c        ****   dar[5]=0x70;
 735               	cope15:
 737 02b2 8093 0000 	.global	N
 172:main.c        ****   dar[6]=0x70;
 738               	ype	N, @function
 739               	N:
 741               	.LM122:
 742 02ba 0895      	/* prologue: frame size=0 */
 743               	/* prologue end (size=0) */
 745               	.LM123:
 746               		ldi r25,lo8(112)
 747               		sts dar,r25
 749               	.LM124:
 750               		sts dar+1,r25
 173:main.c        ****  }
 174:main.c        ****  
 175:main.c        **** void N() 
 176:main.c        ****  {
 751               	179,.LM125-N
 752               	.LM125:
 753               		ldi r24,lo8(48)
 754               		sts dar+2,r24
 177:main.c        ****   dar[0]=0x70;
 755               	abn	68,0,180,.LM126-N
 756               	.LM126:
 757 02bc 90E7      		ldi r24,lo8(80)
 758 02be 9093 0000 		sts dar+3,r24
 178:main.c        ****   dar[1]=0x70;
 759               	LM123:
 760               		ldi r25,lo8(112)
 761 02c2 9093 0000 		sts dar,r25
 179:main.c        ****   dar[2]=0x30;
 762               	tabn	68,0,178,.LM124-N
 763               	.LM124:
 764 02c6 80E3      		sts dar+1,r25
 180:main.c        ****   dar[3]=0x50;
 766               	25:
 767               		ldi r24,lo8(48)
 768 02cc 80E5      		sts dar+2,r24
 181:main.c        ****   dar[4]=0x60;
 770               	end (size=0) */
 772 02d2 80E6      	.LM123:
 773 02d4 8093 0000 		ldi r25,lo8(112)
 182:main.c        ****   dar[5]=0x70;
 774               	 dar,r25
 776 02d8 9093 0000 	.LM124:
 183:main.c        ****   dar[6]=0x70;
 777               	s dar+1,r25
 779 02dc 9093 0000 	.LM125:
 780               		ldi r24,lo8(48)
 781 02e0 0895      		sts dar+2,r24
 783               	.LM126:
 784               		ldi r24,lo8(80)
 785               		sts dar+3,r24
 787               	.LM127:
 788               		ldi r24,lo8(96)
 789               		sts dar+4,r24
 184:main.c        ****  } 
 185:main.c        ****  
 186:main.c        ****  
 187:main.c        **** int main()
 188:main.c        **** {
 790               	182,.LM128-N
 791               	.LM128:
 792               		sts dar+5,r25
 189:main.c        **** imat=0;
 794               	r24
 796 02e2 1092 0000 	.LM126:
 190:main.c        **** TCCR1A=0x03;
 797               	=0) */
 799 02e6 83E0      	.LM123:
 800 02e8 8FBD      		ldi r25,lo8(112)
 191:main.c        **** TCCR1B=0x1A;
 801               	 dar,r25
 803 02ea 8AE1      	.LM124:
 804 02ec 8EBD      		sts dar+1,r25
 192:main.c        **** TCNT1H=0x00;
 805               	abn	68,0,179,.LM125-N
 806               	.LM125:
 807 02ee 1DBC      		ldi r24,lo8(48)
 193:main.c        **** TCNT1L=0x00;
 808               	s dar+2,r24
 810 02f0 1CBC      	.LM126:
 194:main.c        **** OCR1AH=0x07;
 811               	=0) */
 813 02f2 87E0      	.LM123:
 814 02f4 8BBD      		ldi r25,lo8(112)
 195:main.c        **** OCR1AL=0xFF;
 815               	 dar,r25
 817 02f6 8FEF      	.LM124:
 818 02f8 8ABD      		sts dar+1,r25
 196:main.c        **** TIMSK=0x18;
 819               	abn	68,0,179,.LM125-N
 820               	.LM125:
 821 02fa 88E1      		ldi r24,lo8(48)
 822 02fc 89BF      		sts dar+2,r24
 197:main.c        **** sei();
 823               	abn	68,0,180,.LM126-N
 824               	.LM126:
 825               		ldi r24,lo8(80)
 826 02fe 7894      		sts dar+3,r24
 198:main.c        **** 
 199:main.c        ****  DDRA=0xff;
 827               	LM123:
 828               		ldi r25,lo8(112)
 829               		sts dar,r25
 831 0302 8ABB      	.LM124:
 200:main.c        ****  PORTA=0x00;
 832               	dar+1,r25
 834 0304 1BBA      	.LM125:
 201:main.c        ****  d=100;
 835               	i r24,lo8(48)
 836               		sts dar+2,r24
 838 0308 8093 0000 	.LM126:
 202:main.c        ****   dar[0]=0xF8;
 839               	=0) */
 841 030c 88EF      	.LM123:
 842 030e 8093 0000 		ldi r25,lo8(112)
 203:main.c        ****   dar[1]=0xF8;
 843               	 dar,r25
 845 0312 8093 0000 	.LM124:
 204:main.c        ****   dar[2]=0xF8;
 846               	s dar+1,r25
 848 0316 8093 0000 	.LM125:
 205:main.c        ****   dar[3]=0xF8;
 849               	i r24,lo8(48)
 850               		sts dar+2,r24
 206:main.c        ****   dar[4]=0xF8;
 852               	end (size=0) */
 854 031e 8093 0000 	.LM123:
 207:main.c        ****   dar[5]=0xF8;
 855               	i r25,lo8(112)
 856               		sts dar,r25
 208:main.c        ****   dar[6]=0xF8;
 858               	124:
 859               		sts dar+1,r25
 209:main.c        ****   
 210:main.c        **** 
 211:main.c        ****  
 212:main.c        ****  while(1)
 213:main.c        ****   {
 214:main.c        **** A();
 861               	125:
 862               		ldi r24,lo8(48)
 863 032a 00D0      		sts dar+2,r24
 215:main.c        **** delayus(10);
 864               	rame size=0 */
 865               	/* prologue end (size=0) */
 867 032e 90E0      	.LM123:
 868 0330 00D0      		ldi r25,lo8(112)
 216:main.c        **** B();
 869               	dar,r25
 871 0332 00D0      	.LM124:
 217:main.c        **** delayus(10);
 872               	s dar+1,r25
 874 0334 8AE0      	.LM125:
 875 0336 90E0      		ldi r24,lo8(48)
 876 0338 00D0      		sts dar+2,r24
 218:main.c        **** C();
 877               	bn	68,0,180,.LM126-N
 878               	.LM126:
 879 033a 00D0      		ldi r24,lo8(80)
 219:main.c        **** delayus(10);
 880               	0,177,.LM123-N
 881               	.LM123:
 882 033c 8AE0      		ldi r25,lo8(112)
 883 033e 90E0      		sts dar,r25
 220:main.c        **** D();
 885               	4:
 886               		sts dar+1,r25
 221:main.c        **** delayus(10);
 888               	125:
 889               		ldi r24,lo8(48)
 890 0344 8AE0      		sts dar+2,r24
 892 0348 00D0      	.LM126:
 222:main.c        **** E();
 893               	=0) */
 895 034a 00D0      	.LM123:
 223:main.c        **** delayus(10);
 896               	i r25,lo8(112)
 897               		sts dar,r25
 899 034e 90E0      	.LM124:
 900 0350 00D0      		sts dar+1,r25
 224:main.c        **** F();
 901               	bn	68,0,179,.LM125-N
 902               	.LM125:
 903 0352 00D0      		ldi r24,lo8(48)
 225:main.c        **** delayus(10);
 904               	s dar+2,r24
 906 0354 8AE0      	.LM126:
 907 0356 90E0      		ldi r24,lo8(80)
 908 0358 00D0      		sts dar+3,r24
 226:main.c        **** G();
 909               	LM123:
 910               		ldi r25,lo8(112)
 911 035a 00D0      		sts dar,r25
 227:main.c        **** delayus(10);
 912               	tabn	68,0,178,.LM124-N
 913               	.LM124:
 914 035c 8AE0      		sts dar+1,r25
 916 0360 00D0      	.LM125:
 228:main.c        **** H();
 917               	r24,lo8(48)
 918               		sts dar+2,r24
 229:main.c        **** delayus(10);
 920               	end (size=0) */
 922 0364 8AE0      	.LM123:
 923 0366 90E0      		ldi r25,lo8(112)
 924 0368 00D0      		sts dar,r25
 230:main.c        **** I();
 925               	bn	68,0,178,.LM124-N
 926               	.LM124:
 927 036a 00D0      		sts dar+1,r25
 231:main.c        **** delayus(10);
 928               	tabn	68,0,179,.LM125-N
 929               	.LM125:
 930 036c 8AE0      		ldi r24,lo8(48)
 931 036e 90E0      		sts dar+2,r24
 232:main.c        **** J();
 933               	6:
 934               		ldi r24,lo8(80)
 935 0372 00D0      		sts dar+3,r24
 233:main.c        **** delayus(10);
 936               	LM123:
 937               		ldi r25,lo8(112)
 938 0374 8AE0      		sts dar,r25
 940 0378 00D0      	.LM124:
 234:main.c        **** K();
 941               	dar+1,r25
 943 037a 00D0      	.LM125:
 235:main.c        **** delayus(10);
 944               	i r24,lo8(48)
 945               		sts dar+2,r24
 947 037e 90E0      	.LM126:
 948 0380 00D0      		ldi r24,lo8(80)
 236:main.c        **** L();
 949               	0,177,.LM123-N
 950               	.LM123:
 951 0382 00D0      		ldi r25,lo8(112)
 237:main.c        **** delayus(10);
 952               	s dar,r25
 954 0384 8AE0      	.LM124:
 955 0386 90E0      		sts dar+1,r25
 238:main.c        **** M();
 957               	5:
 958               		ldi r24,lo8(48)
 959 038a 00D0      		sts dar+2,r24
 239:main.c        **** delayus(10);
 960               	rame size=0 */
 961               	/* prologue end (size=0) */
 963 038e 90E0      	.LM123:
 964 0390 00D0      		ldi r25,lo8(112)
 240:main.c        **** N();
 965               	dar,r25
 967 0392 00D0      	.LM124:
 968               		sts dar+1,r25
 970               	.LM125:
 971               		ldi r24,lo8(48)
 972               		sts dar+2,r24
 974               	.LM126:
 975               		ldi r24,lo8(80)
 976               		sts dar+3,r24
 978               	.LM127:
 979               		ldi r24,lo8(96)
 980               		sts dar+4,r24
 982               	.LM128:
 983               		sts dar+5,r25
 985               	.LM129:
 986               		sts dar+6,r25
 987               	/* epilogue: frame size=0 */
 988               		ret
DEFINED SYMBOLS
                            *ABS*:00000000 main.c
C:\Users\User\AppData\Local\Temp/ccFRjrew.s:3      *ABS*:0000003f __SREG__
C:\Users\User\AppData\Local\Temp/ccFRjrew.s:4      *ABS*:0000003e __SP_H__
C:\Users\User\AppData\Local\Temp/ccFRjrew.s:5      *ABS*:0000003d __SP_L__
C:\Users\User\AppData\Local\Temp/ccFRjrew.s:6      *ABS*:00000000 __tmp_reg__
C:\Users\User\AppData\Local\Temp/ccFRjrew.s:7      *ABS*:00000001 __zero_reg__
C:\Users\User\AppData\Local\Temp/ccFRjrew.s:71     .text:00000000 delayms
                            *COM*:00000002 delaycounter1
                            *COM*:00000002 delaycounter2
C:\Users\User\AppData\Local\Temp/ccFRjrew.s:137    .text:00000050 delayus
C:\Users\User\AppData\Local\Temp/ccFRjrew.s:183    .text:00000084 __vector_6
                            *COM*:00000001 imat
                            *COM*:00000007 dar
C:\Users\User\AppData\Local\Temp/ccFRjrew.s:262    .text:000000f4 A
C:\Users\User\AppData\Local\Temp/ccFRjrew.s:299    .text:00000116 B
C:\Users\User\AppData\Local\Temp/ccFRjrew.s:336    .text:00000138 C
C:\Users\User\AppData\Local\Temp/ccFRjrew.s:374    .text:0000015c D
C:\Users\User\AppData\Local\Temp/ccFRjrew.s:412    .text:00000180 E
C:\Users\User\AppData\Local\Temp/ccFRjrew.s:448    .text:000001a0 F
C:\Users\User\AppData\Local\Temp/ccFRjrew.s:485    .text:000001c2 G
C:\Users\User\AppData\Local\Temp/ccFRjrew.s:525    .text:000001ea H
C:\Users\User\AppData\Local\Temp/ccFRjrew.s:561    .text:0000020a I
C:\Users\User\AppData\Local\Temp/ccFRjrew.s:598    .text:0000022c J
C:\Users\User\AppData\Local\Temp/ccFRjrew.s:637    .text:00000252 K
C:\Users\User\AppData\Local\Temp/ccFRjrew.s:676    .text:00000278 L
C:\Users\User\AppData\Local\Temp/ccFRjrew.s:712    .text:00000298 M
C:\Users\User\AppData\Local\Temp/ccFRjrew.s:750    .text:000002bc N
C:\Users\User\AppData\Local\Temp/ccFRjrew.s:789    .text:000002e2 main
                            *COM*:00000001 d

UNDEFINED SYMBOLS
__do_copy_data
__do_clear_bss
