   1               		.file	"main.c"
   2               		.arch atmega8535
   3               	__SREG__ = 0x3f
   4               	__SP_H__ = 0x3e
   5               	__SP_L__ = 0x3d
   6               	__tmp_reg__ = 0
   7               	__zero_reg__ = 1
   8               		.global __do_copy_data
   9               		.global __do_clear_bss
  11               		.text
  12               	.Ltext0:
  69               	.global	delayms
  71               	delayms:
  73               	.Ltext1:
   1:delay.h       **** /*	LCD.h
   2:delay.h       **** Technophilia embedded systems
   3:delay.h       **** 
   4:delay.h       **** 	this header file provides time delay in the form of mili second and micro second
   5:delay.h       **** 	without affecting any interrupts.
   6:delay.h       **** 
   7:delay.h       **** 	delayms()  this function provides delay in the form of mili second
   8:delay.h       **** 	delayus()  this function provides delay in the form of micro second
   9:delay.h       **** 	
  10:delay.h       **** */
  11:delay.h       **** #ifndef _DELAY_H_
  12:delay.h       **** #define _DELAY_H_
  13:delay.h       **** unsigned int delaycounter1,delaycounter2;
  14:delay.h       **** void delayms(unsigned int delaytime)
  15:delay.h       **** {
  74               	ue end (size=0) */
  76               	.LM1:
  77               		sts (delaycounter1)+1,__zero_reg__
  16:delay.h       **** 
  17:delay.h       **** 	 for(delaycounter1=0;delaycounter1<=delaytime;delaycounter1++)
  78               	 delaycounter1,__zero_reg__
  79               		ldi r18,lo8(0)
  80 0000 1092 0000 		ldi r19,hi8(0)
  81 0004 1092 0000 	.L2:
  83 000a 30E0      	.LM2:
  84               		ldi r20,lo8(0)
  85               		ldi r21,hi8(0)
  86               	.L3:
  88 000e 50E0      	.LM3:
  89               	/* #APP */
  18:delay.h       **** 	 {
  19:delay.h       **** 		 for(delaycounter2=0;delaycounter2<=800;delaycounter2++)
  20:delay.h       **** 		  {
  21:delay.h       **** 		  asm("nop");asm("nop");asm("nop");asm("nop");asm("nop");asm("nop");
  90               	op
  91               		nop
  92               		nop
  93 0010 0000      		nop
  95 0014 0000      	.LM4:
  96 0016 0000      		nop
  97 0018 0000      		nop
  98 001a 0000      		nop
  22:delay.h       **** 		  asm("nop");asm("nop");asm("nop");asm("nop");asm("nop");asm("nop");
  99               	
 100               		nop
 101 001c 0000      	/* #NOAPP */
 102 001e 0000      		subi r20,lo8(-(1))
 103 0020 0000      		sbci r21,hi8(-(1))
 105 0024 0000      	.LM5:
 106 0026 0000      		ldi r22,hi8(801)
 107               		cpi r20,lo8(801)
 108 0028 4F5F      		cpc r21,r22
 109 002a 5F4F      		brne .L3
 110               		subi r18,lo8(-(1))
 111               		sbci r19,hi8(-(1))
 113 002e 4132      	.LM6:
 114 0030 5607      		cp r24,r18
 115 0032 01F4      		cpc r25,r19
 116 0034 2F5F      		brsh .L2
 117 0036 3F4F      		sts (delaycounter1)+1,r19
 118               		sts delaycounter1,r18
 119               		sts (delaycounter2)+1,r21
 120 0038 8217      		sts delaycounter2,r20
 121 003a 9307      	/* epilogue: frame size=0 */
 122 003c 00F4      		ret
 123 003e 3093 0000 	/* epilogue end (size=1) */
 124 0042 2093 0000 	/* function delayms size 52 (51) */
 126 004a 4093 0000 	.Lscope0:
 129               	.global	delayus
 131               	delayus:
 133               	.LM7:
 134               	/* prologue: frame size=0 */
 135               	/* prologue end (size=0) */
 137               	.LM8:
  23:delay.h       **** 		  }
  24:delay.h       **** 		
  25:delay.h       **** 	 }
  26:delay.h       **** }
  27:delay.h       **** 
  28:delay.h       **** void delayus(unsigned int delaytime)
  29:delay.h       **** {
 138               	ts delaycounter1,__zero_reg__
 139               		ldi r18,lo8(0)
 140               		ldi r19,hi8(0)
 141               	.L12:
  30:delay.h       **** 
  31:delay.h       **** 	 for(delaycounter1=0;delaycounter1<=delaytime;delaycounter1++)
 142               	/* prologue: frame size=0 */
 143               	/* prologue end (size=0) */
 145 0054 1092 0000 	.LM8:
 146 0058 20E0      		sts (delaycounter1)+1,__zero_reg__
 147 005a 30E0      		sts delaycounter1,__zero_reg__
 148               		ldi r18,lo8(0)
  32:delay.h       **** 	 {
  33:delay.h       **** 		 
  34:delay.h       **** 		  asm("nop");asm("nop");asm("nop");asm("nop");asm("nop");asm("nop");
 149               	0,29,.LM7-delayus
 150               	.LM7:
 151               	/* prologue: frame size=0 */
 152 005c 0000      	/* prologue end (size=0) */
 154 0060 0000      	.LM8:
 155 0062 0000      		sts (delaycounter1)+1,__zero_reg__
 156 0064 0000      		sts delaycounter1,__zero_reg__
 157 0066 0000      		ldi r18,lo8(0)
  35:delay.h       **** 		  asm("nop");asm("nop");asm("nop");asm("nop");
 158               	0,29,.LM7-delayus
 159               	.LM7:
 160 0068 0000      	/* prologue: frame size=0 */
 161 006a 0000      	/* prologue end (size=0) */
 163 006e 0000      	.LM8:
 164               		sts (delaycounter1)+1,__zero_reg__
 165 0070 2F5F      		sts delaycounter1,__zero_reg__
 166 0072 3F4F      		ldi r18,lo8(0)
 167               		ldi r19,hi8(0)
 168               	.L12:
 170 0076 9307      	.LM9:
 171 0078 00F4      	/* #APP */
 172 007a 3093 0000 		nop
 173 007e 2093 0000 		nop
 174               		nop
 175 0082 0895      		nop
 176               		nop
 177               		nop
 179               	.LM10:
 180               		nop
 181               		nop
 182               		nop
 183               		nop
 184               	/* #NOAPP */
 185               		subi r18,lo8(-(1))
   1:main.c        **** /***********************************************************************
   2:main.c        **** 
   3:main.c        **** CODE11: Anode type: Program for Display Incremented Binary value on matrix LED 
   4:main.c        **** 
   5:main.c        **** ***********************************************************************
   6:main.c        **** COPYRIGHT(C)Technophilia Systems
   7:main.c        **** Date:...............1st May 2011
   8:main.c        **** Author:.............Prasanta Kumar Nayak
   9:main.c        **** Organization:.......Technophilia Syestems
  10:main.c        **** Target system:......AVR devlopment board s/n-107010
  11:main.c        **** Manufacturer:.......Technophilia Syestems
  12:main.c        **** Microcontroller:....ATmega-8535
  13:main.c        **** Clock:..............16mhz
  14:main.c        **** 
  15:main.c        **** ***********************************************************************/
  16:main.c        **** #include<avr/io.h>
  17:main.c        **** #include"delay.h"
  18:main.c        **** 
  19:main.c        **** unsigned char d;
  20:main.c        **** unsigned char dar[7];
  21:main.c        **** 
  22:main.c        **** 
  23:main.c        **** void charactor()
  24:main.c        ****   {
 186               	9,hi8(0)
 187               	.L12:
 189               	.LM9:
  25:main.c        ****    PORTA=dar[0]|0x00;
 190               	gue end (size=0) */
 192 0084 8091 0000 	.LM8:
 193 0088 8BBB      		sts (delaycounter1)+1,__zero_reg__
  26:main.c        ****    delayms(d);
 194               	yus
 196 008a 8091 0000 	delayus:
 198 0090 00D0      	.LM7:
  27:main.c        ****    PORTA=dar[1]|0x01;
 199               	51) */
 201 0092 8091 0000 	.Lscope0:
  28:main.c        ****    delayms(d);
 204               	/* epilogue: frame size=0 */
 205               		ret
 206 009a 8091 0000 	/* epilogue end (size=1) */
 207 009e 9927      	/* function delayms size 52 (51) */
  29:main.c        ****    PORTA=dar[2]|0x02;
 209               	pe0:
 212 00a6 8260      	.global	delayus
  30:main.c        ****    delayms(d);
 214               	e end (size=1) */
 215               	/* function delayms size 52 (51) */
 217 00ae 9927      	.Lscope0:
  31:main.c        ****    PORTA=dar[3]|0x03;
 219               	ounter2)+1,r21
 220               		sts delaycounter2,r20
 221 00b2 8091 0000 	/* epilogue: frame size=0 */
 222 00b6 8360      		ret
 223 00b8 8BBB      	/* epilogue end (size=1) */
  32:main.c        ****    delayms(d);
 224               	nction delayms size 52 (51) */
 226 00ba 8091 0000 	.Lscope0:
  33:main.c        ****    PORTA=dar[4]|0x04;
 229               	/* epilogue: frame size=0 */
 230               		ret
 231 00c2 8091 0000 	/* epilogue end (size=1) */
 232 00c6 8460      	/* function delayms size 52 (51) */
  34:main.c        ****    delayms(d);
 234               	pe0:
 237 00ce 9927      	.global	delayus
  35:main.c        ****    PORTA=dar[5]|0x05;
 239               	e end (size=1) */
 240               	/* function delayms size 52 (51) */
 242 00d6 8560      	.Lscope0:
  36:main.c        ****    delayms(d);
 244               	ounter2)+1,r21
 245               		sts delaycounter2,r20
 246 00da 8091 0000 	/* epilogue: frame size=0 */
 247 00de 9927      		ret
 248 00e0 00D0      	/* epilogue end (size=1) */
  37:main.c        ****    PORTA=dar[6]|0x06;
 249               	nction delayms size 52 (51) */
 251 00e2 8091 0000 	.Lscope0:
  38:main.c        ****    delayms(d);
 254               	/* epilogue: frame size=0 */
 255               		ret
 256 00ea 8091 0000 	/* epilogue end (size=1) */
 257 00ee 9927      	/* function delayms size 52 (51) */
 259               	.Lscope0:
 262               	.global	delayus
 264               	delayus:
 266               	.LM7:
 267               	/* prologue: frame size=0 */
 268               	/* prologue end (size=0) */
  39:main.c        ****   }
  40:main.c        ****  void set()
  41:main.c        ****   {
 269               	,.LM8-delayus
 270               	.LM8:
 271               		sts (delaycounter1)+1,__zero_reg__
 272               		sts delaycounter1,__zero_reg__
 273               		ldi r18,lo8(0)
 274 00f4 0895      		ldi r19,hi8(0)
 275               	.L12:
 277               	.LM9:
 278               	/* #APP */
 279               		nop
 280               		nop
 281               		nop
 282               		nop
  42:main.c        ****    
  43:main.c        ****   }
  44:main.c        ****  
  45:main.c        ****  
  46:main.c        **** int main()
  47:main.c        **** {
 283               	.LM8-delayus
 284               	.LM8:
 285               		sts (delaycounter1)+1,__zero_reg__
 286               		sts delaycounter1,__zero_reg__
  48:main.c        ****  DDRA=0xff;
 287               	ayus:
 289 00f6 8FEF      	.LM7:
 290 00f8 8ABB      	/* prologue: frame size=0 */
  49:main.c        ****  PORTA=0x00;
 291               	ms
 292               	.Lscope0:
  50:main.c        ****  d=1;
 294               	ounter2)+1,r21
 295               		sts delaycounter2,r20
 296 00fc 81E0      	/* epilogue: frame size=0 */
 297 00fe 8093 0000 		ret
  51:main.c        ****   dar[0]=0x00;
 298               	pilogue end (size=1) */
 299               	/* function delayms size 52 (51) */
  52:main.c        ****   dar[1]=0x10;
 301               	aycounter1)+1,r19
 302               		sts delaycounter1,r18
 303 0106 80E1      		sts (delaycounter2)+1,r21
 304 0108 8093 0000 		sts delaycounter2,r20
  53:main.c        ****   dar[2]=0x20;
 305               	pilogue: frame size=0 */
 306               		ret
 307 010c 80E2      	/* epilogue end (size=1) */
 308 010e 8093 0000 	/* function delayms size 52 (51) */
  54:main.c        ****   dar[3]=0x30;
 309               	ze	delayms, .-delayms
 310               	.Lscope0:
  55:main.c        ****   dar[4]=0x40;
 313               	/* epilogue: frame size=0 */
 314               		ret
 315 0118 80E4      	/* epilogue end (size=1) */
 316 011a 8093 0000 	/* function delayms size 52 (51) */
  56:main.c        ****   dar[5]=0x50;
 317               	ze	delayms, .-delayms
 318               	.Lscope0:
  57:main.c        ****   dar[6]=0x60;
 321               	/* epilogue: frame size=0 */
 322               		ret
 323 0124 80E6      	/* epilogue end (size=1) */
 324 0126 8093 0000 	/* function delayms size 52 (51) */
  58:main.c        ****   
  59:main.c        ****   
  60:main.c        ****  
  61:main.c        ****  while(1)
  62:main.c        ****   {
  63:main.c        ****    
  64:main.c        ****    charactor(); 
 326               	pe0:
 329 012c 00C0      	.global	delayus
 331               	delayus:
 333               	.LM7:
 334               	/* prologue: frame size=0 */
 335               	/* prologue end (size=0) */
 337               	.LM8:
 338               		sts (delaycounter1)+1,__zero_reg__
 339               		sts delaycounter1,__zero_reg__
 340               		ldi r18,lo8(0)
 341               		ldi r19,hi8(0)
 342               	.L12:
 344               	.LM9:
 345               	/* #APP */
 346               		nop
DEFINED SYMBOLS
                            *ABS*:00000000 main.c
C:\Users\User\AppData\Local\Temp/ccX1kwhA.s:3      *ABS*:0000003f __SREG__
C:\Users\User\AppData\Local\Temp/ccX1kwhA.s:4      *ABS*:0000003e __SP_H__
C:\Users\User\AppData\Local\Temp/ccX1kwhA.s:5      *ABS*:0000003d __SP_L__
C:\Users\User\AppData\Local\Temp/ccX1kwhA.s:6      *ABS*:00000000 __tmp_reg__
C:\Users\User\AppData\Local\Temp/ccX1kwhA.s:7      *ABS*:00000001 __zero_reg__
C:\Users\User\AppData\Local\Temp/ccX1kwhA.s:71     .text:00000000 delayms
                            *COM*:00000002 delaycounter1
                            *COM*:00000002 delaycounter2
C:\Users\User\AppData\Local\Temp/ccX1kwhA.s:137    .text:00000050 delayus
C:\Users\User\AppData\Local\Temp/ccX1kwhA.s:183    .text:00000084 charactor
                            *COM*:00000007 dar
                            *COM*:00000001 d
C:\Users\User\AppData\Local\Temp/ccX1kwhA.s:268    .text:000000f4 set
C:\Users\User\AppData\Local\Temp/ccX1kwhA.s:282    .text:000000f6 main

UNDEFINED SYMBOLS
__do_copy_data
__do_clear_bss
