   1               		.file	"main.c"
   2               		.arch atmega8535
   3               	__SREG__ = 0x3f
   4               	__SP_H__ = 0x3e
   5               	__SP_L__ = 0x3d
   6               	__tmp_reg__ = 0
   7               	__zero_reg__ = 1
   8               		.global __do_copy_data
   9               		.global __do_clear_bss
  11               		.text
  12               	.Ltext0:
  68               	.global	main
  70               	main:
   1:main.c        **** /***********************************************************************
   2:main.c        **** 
   3:main.c        **** CODE10: Program for Switches pressed and perform 
   4:main.c        **** 
   5:main.c        **** ***********************************************************************
   6:main.c        **** COPYRIGHT(C)Technophilia Systems
   7:main.c        **** Date:...............31st May 2011
   8:main.c        **** Author:.............Prasanta Kumar Nayak
   9:main.c        **** Organization:.......Technophilia Syestems
  10:main.c        **** Target system:......AVR devlopment board s/n-107010
  11:main.c        **** Manufacturer:.......Technophilia Syestems
  12:main.c        **** Microcontroller:....ATmega-8535
  13:main.c        **** Clock:..............16mhz
  14:main.c        **** 
  15:main.c        **** ***********************************************************************/
  16:main.c        **** 
  17:main.c        **** #include<avr/io.h>		//This is the header for AVR Microcontroller.
  18:main.c        **** 
  19:main.c        **** int main(void)
  20:main.c        ****  {	
  71               		"main:F(0,1)",36,0,0,main
  72               	.global	main
  74               	main:
  21:main.c        **** 
  75               		"main:F(0,1)",36,0,0,main
  76               	.global	main
  22:main.c        **** 
  79               	.global	main
  81 0004 84BB      	main:
  23:main.c        **** 
  24:main.c        **** 	PORTC=0X00;			//PortC initiallization as all bits low.
  82               		"main:F(0,1)",36,0,0,main
  83               	.global	main
  85 0008 8BBB      	main:
  25:main.c        **** 
  86               		"main:F(0,1)",36,0,0,main
  87               	.global	main
  89 000c 30E1      	main:
  91 0010 90E4      	.LM0:
  92 0012 88E0      	/* prologue: frame size=0 */
  93               	/* prologue end (size=0) */
  26:main.c        **** 
  27:main.c        **** 	DDRC=0XF8;			//PortC data direction declaration as output.
  28:main.c        **** 	
  29:main.c        **** 	PORTA=0XFF;			//PortA initiallization as all bits high (Pull-up Mode).
  94               	n
  95               	.LM0:
  96 0014 CC9B      	/* prologue: frame size=0 */
  30:main.c        **** 
  31:main.c        **** 	DDRA=0X00;			//PortA data direction declaration as input.
  97               	ain:
  99 0016 35BB      	.LM0:
 100               	/* prologue: frame size=0 */
  32:main.c        **** 
  33:main.c        **** 	
  34:main.c        **** 	while(1)			//This is for the the infinity loop.
 101               	ain:
 103 0018 CD9B      	.LM0:
  35:main.c        **** 
  36:main.c        **** 	{	
 104               		main
 106 001a 25BB      	main:
  37:main.c        **** 
  38:main.c        **** 		if((PINA & 0x10)==0x00)			//checking for switch press at s1. 
  39:main.c        **** 		{			
 108               	.global	main
 110 001c CE9B      	main:
  40:main.c        **** 
  41:main.c        **** 			PORTC=0x10;						//LED1 ON
 111               		"main:F(0,1)",36,0,0,main
 112               	.global	main
 114               	main:
  42:main.c        **** 
  43:main.c        **** 		}
  44:main.c        **** 		
 115               		"main:F(0,1)",36,0,0,main
 116               	.global	main
 118 0022 00C0      	main:
  45:main.c        **** 
  46:main.c        **** 		if((PINA & 0x20)==0x00)			//checking for switch press at s2. 
 119               		"main:F(0,1)",36,0,0,main
 120               	.global	main
 122               	main:
  47:main.c        **** 
 123               		"main:F(0,1)",36,0,0,main
 124               	.global	main
 126 0028 00C0      	main:
  48:main.c        **** 
 127               		"main:F(0,1)",36,0,0,main
 128               	.global	main
 130 002c 00C0      	main:
 132               	.LM0:
 133               	/* prologue: frame size=0 */
 134               	/* prologue end (size=0) */
 136               	.LM1:
 137               		out 53-0x20,__zero_reg__
 139               	.LM2:
DEFINED SYMBOLS
                            *ABS*:00000000 main.c
C:\DOCUME~1\TECHNO~1\LOCALS~1\Temp/ccItlRUS.s:3      *ABS*:0000003f __SREG__
C:\DOCUME~1\TECHNO~1\LOCALS~1\Temp/ccItlRUS.s:4      *ABS*:0000003e __SP_H__
C:\DOCUME~1\TECHNO~1\LOCALS~1\Temp/ccItlRUS.s:5      *ABS*:0000003d __SP_L__
C:\DOCUME~1\TECHNO~1\LOCALS~1\Temp/ccItlRUS.s:6      *ABS*:00000000 __tmp_reg__
C:\DOCUME~1\TECHNO~1\LOCALS~1\Temp/ccItlRUS.s:7      *ABS*:00000001 __zero_reg__
C:\DOCUME~1\TECHNO~1\LOCALS~1\Temp/ccItlRUS.s:70     .text:00000000 main

UNDEFINED SYMBOLS
__do_copy_data
__do_clear_bss
