   1               		.file	"main.c"
   2               		.arch atmega8535
   3               	__SREG__ = 0x3f
   4               	__SP_H__ = 0x3e
   5               	__SP_L__ = 0x3d
   6               	__tmp_reg__ = 0
   7               	__zero_reg__ = 1
   8               		.global __do_copy_data
   9               		.global __do_clear_bss
  11               		.text
  12               	.Ltext0:
  69               	.global	delayms
  71               	delayms:
  73               	.Ltext1:
   1:delay.h       **** /*	LCD.h
   2:delay.h       **** Technophilia embedded systems
   3:delay.h       **** 
   4:delay.h       **** 	this header file provides time delay in the form of mili second and micro second
   5:delay.h       **** 	without affecting any interrupts.
   6:delay.h       **** 
   7:delay.h       **** 	delayms()  this function provides delay in the form of mili second
   8:delay.h       **** 	delayus()  this function provides delay in the form of micro second
   9:delay.h       **** 	
  10:delay.h       **** */
  11:delay.h       **** #ifndef _DELAY_H_
  12:delay.h       **** #define _DELAY_H_
  13:delay.h       **** unsigned int delaycounter1,delaycounter2;
  14:delay.h       **** void delayms(unsigned int delaytime)
  15:delay.h       **** {
  74               	ue end (size=0) */
  76               	.LM1:
  77               		sts (delaycounter1)+1,__zero_reg__
  16:delay.h       **** 
  17:delay.h       **** 	 for(delaycounter1=0;delaycounter1<=delaytime;delaycounter1++)
  78               	 delaycounter1,__zero_reg__
  79               		ldi r18,lo8(0)
  80 0000 1092 0000 		ldi r19,hi8(0)
  81 0004 1092 0000 	.L2:
  83 000a 30E0      	.LM2:
  84               		ldi r20,lo8(0)
  85               		ldi r21,hi8(0)
  86               	.L3:
  88 000e 50E0      	.LM3:
  89               	/* #APP */
  18:delay.h       **** 	 {
  19:delay.h       **** 		 for(delaycounter2=0;delaycounter2<=800;delaycounter2++)
  20:delay.h       **** 		  {
  21:delay.h       **** 		  asm("nop");asm("nop");asm("nop");asm("nop");asm("nop");asm("nop");
  90               	op
  91               		nop
  92               		nop
  93 0010 0000      		nop
  95 0014 0000      	.LM4:
  96 0016 0000      		nop
  97 0018 0000      		nop
  98 001a 0000      		nop
  22:delay.h       **** 		  asm("nop");asm("nop");asm("nop");asm("nop");asm("nop");asm("nop");
  99               	
 100               		nop
 101 001c 0000      	/* #NOAPP */
 102 001e 0000      		subi r20,lo8(-(1))
 103 0020 0000      		sbci r21,hi8(-(1))
 105 0024 0000      	.LM5:
 106 0026 0000      		ldi r22,hi8(801)
 107               		cpi r20,lo8(801)
 108 0028 4F5F      		cpc r21,r22
 109 002a 5F4F      		brne .L3
 110               		subi r18,lo8(-(1))
 111               		sbci r19,hi8(-(1))
 113 002e 4132      	.LM6:
 114 0030 5607      		cp r24,r18
 115 0032 01F4      		cpc r25,r19
 116 0034 2F5F      		brsh .L2
 117 0036 3F4F      		sts (delaycounter1)+1,r19
 118               		sts delaycounter1,r18
 119               		sts (delaycounter2)+1,r21
 120 0038 8217      		sts delaycounter2,r20
 121 003a 9307      	/* epilogue: frame size=0 */
 122 003c 00F4      		ret
 123 003e 3093 0000 	/* epilogue end (size=1) */
 124 0042 2093 0000 	/* function delayms size 52 (51) */
 126 004a 4093 0000 	.Lscope0:
 129               	.global	delayus
 131               	delayus:
 133               	.LM7:
 134               	/* prologue: frame size=0 */
 135               	/* prologue end (size=0) */
 137               	.LM8:
  23:delay.h       **** 		  }
  24:delay.h       **** 		
  25:delay.h       **** 	 }
  26:delay.h       **** }
  27:delay.h       **** 
  28:delay.h       **** void delayus(unsigned int delaytime)
  29:delay.h       **** {
 138               	ts delaycounter1,__zero_reg__
 139               		ldi r18,lo8(0)
 140               		ldi r19,hi8(0)
 141               	.L12:
  30:delay.h       **** 
  31:delay.h       **** 	 for(delaycounter1=0;delaycounter1<=delaytime;delaycounter1++)
 142               	abn	68,0,34,.LM9-delayus
 143               	.LM9:
 144 0050 1092 0000 	/* #APP */
 145 0054 1092 0000 		nop
 146 0058 20E0      		nop
 147 005a 30E0      		nop
 148               		nop
  32:delay.h       **** 	 {
  33:delay.h       **** 		 
  34:delay.h       **** 		  asm("nop");asm("nop");asm("nop");asm("nop");asm("nop");asm("nop");
 149               	op
 151               	.LM10:
 152 005c 0000      		nop
 153 005e 0000      		nop
 154 0060 0000      		nop
 155 0062 0000      		nop
 156 0064 0000      	/* #NOAPP */
 157 0066 0000      		subi r18,lo8(-(1))
  35:delay.h       **** 		  asm("nop");asm("nop");asm("nop");asm("nop");
 158               	,hi8(-(1))
 160 0068 0000      	.LM11:
 161 006a 0000      		cp r24,r18
 162 006c 0000      		cpc r25,r19
 163 006e 0000      		brsh .L12
 164               		sts (delaycounter1)+1,r19
 165 0070 2F5F      		sts delaycounter1,r18
 166 0072 3F4F      	/* epilogue: frame size=0 */
 167               		ret
 168               	/* epilogue end (size=1) */
 169 0074 8217      	/* function delayus size 36 (35) */
 171 0078 00F4      	.Lscope1:
 174               	.global	delay_us
 176               	delay_us:
 178               	.Ltext2:
 180               	.LM12:
 181               	/* prologue: frame size=0 */
 182               	/* prologue end (size=0) */
 184               	.LM13:
 185               		sts (delaycounter1)+1,__zero_reg__
 186               		sts delaycounter1,__zero_reg__
   1:main.c        **** /***********************************************************************
   2:main.c        **** 
   3:main.c        **** CODE10.1: IR Transmitter: Program for IR transmitter
   4:main.c        **** 
   5:main.c        **** ***********************************************************************
   6:main.c        **** COPYRIGHT(C)Technophilia Systems
   7:main.c        **** Date:...............1st May 2011
   8:main.c        **** Author:.............Prasanta Kumar Nayak
   9:main.c        **** Organization:.......Technophilia Syestems
  10:main.c        **** Target system:......AVR devlopment board s/n-107010
  11:main.c        **** Manufacturer:.......Technophilia Syestems
  12:main.c        **** Microcontroller:....ATmega-8535
  13:main.c        **** Clock:..............16mhz
  14:main.c        **** IR TX PortB0		used for transmitter only
  15:main.c        **** IR Rx PortB1  
  16:main.c        **** 
  17:main.c        **** *********************************************************************************/
  18:main.c        **** #include<avr/io.h>
  19:main.c        **** #include<avr/interrupt.h>
  20:main.c        **** #include"delay.h"
  21:main.c        **** 
  22:main.c        **** void delay_us(unsigned int delaytime)	//funtion for generating time delay in micro seconds
  23:main.c        **** {
 187               	0)
 188               	.L18:
 190               	.LM14:
  24:main.c        **** 
  25:main.c        **** 	 for(delaycounter1=0;delaycounter1<=delaytime;delaycounter1++)
 191               	ize=0 */
 192               	/* prologue end (size=0) */
 194 0088 1092 0000 	.LM13:
 195 008c 20E0      		sts (delaycounter1)+1,__zero_reg__
 196 008e 30E0      		sts delaycounter1,__zero_reg__
 197               		ldi r18,lo8(0)
  26:main.c        **** 	 {
  27:main.c        **** 		 
  28:main.c        **** 		  asm("nop");asm("nop");asm("nop");asm("nop");asm("nop");asm("nop");
 198               	9,hi8(0)
 199               	.L18:
 201 0090 0000      	.LM14:
 202 0092 0000      	/* #APP */
 203 0094 0000      		nop
 204 0096 0000      		nop
 205 0098 0000      		nop
 206 009a 0000      		nop
  29:main.c        **** 		  asm("nop");asm("nop");asm("nop");asm("nop");
 207               	
 209 009c 0000      	.LM13:
 210 009e 0000      		sts (delaycounter1)+1,__zero_reg__
 211 00a0 0000      		sts delaycounter1,__zero_reg__
 212 00a2 0000      		ldi r18,lo8(0)
 213               		ldi r19,hi8(0)
 214 00a4 2F5F      	.L18:
 216               	.LM14:
 217               	/* #APP */
 218 00a8 8217      		nop
 219 00aa 9307      		nop
 220 00ac 00F4      		nop
 221 00ae 3093 0000 		nop
 222 00b2 2093 0000 		nop
 223               		nop
 225               	.LM15:
 226               		nop
 227               		nop
 228               		nop
 229               		nop
 230               	/* #NOAPP */
 231               		subi r18,lo8(-(1))
 232               		sbci r19,hi8(-(1))
  30:main.c        **** 	 }
  31:main.c        **** }
  32:main.c        **** 
  33:main.c        **** 
  34:main.c        **** ISR (TIMER0_OVF_vect) 				//interrupt subroutine for timer 0 overflow vector
  35:main.c        ****  {
 233               	ay_us
 234               	.LM16:
 235               		cp r24,r18
 236 00b8 1F92      		cpc r25,r19
 237 00ba 0F92      		brsh .L18
 238 00bc 0FB6      		sts (delaycounter1)+1,r19
 239 00be 0F92      		sts delaycounter1,r18
 240 00c0 1124      	/* epilogue: frame size=0 */
 241 00c2 8F93      		ret
 242 00c4 9F93      	/* epilogue end (size=1) */
 243               	/* function delay_us size 36 (35) */
  36:main.c        ****   TCNT0=46;							//initializing the timer registor for generating frequency of 38Khz
 244               	.LM16:
 245               		cp r24,r18
 246 00c6 8EE2      		cpc r25,r19
 247 00c8 82BF      		brsh .L18
  37:main.c        ****   PORTB^=0x01;						//Toggle the port pin for generating frequency
 248               	op
 249               		nop
 250 00ca 88B3      		nop
 252 00ce 8927      	.LM15:
 253 00d0 88BB      		nop
 254               		nop
 255 00d2 9F91      		nop
 256 00d4 8F91      		nop
 257 00d6 0F90      	/* #NOAPP */
 258 00d8 0FBE      		subi r18,lo8(-(1))
 259 00da 0F90      		sbci r19,hi8(-(1))
 261 00de 1895      	.LM16:
 262               		cp r24,r18
 263               		cpc r25,r19
 264               		brsh .L18
 265               		sts (delaycounter1)+1,r19
 266               		sts delaycounter1,r18
 267               	/* epilogue: frame size=0 */
 268               		ret
 269               	/* epilogue end (size=1) */
 270               	/* function delay_us size 36 (35) */
  38:main.c        ****  }
  39:main.c        ****  
  40:main.c        ****  
  41:main.c        ****  void tx(unsigned char data)			//function for transmitting a data byte
  42:main.c        ****  {
 271               	.LM16:
 272               		cp r24,r18
 273               		cpc r25,r19
 274 00e0 0F93      		brsh .L18
 275 00e2 1F93      		sts (delaycounter1)+1,r19
 276               		sts delaycounter1,r18
 277 00e4 182F      	/* epilogue: frame size=0 */
  43:main.c        ****  unsigned char i;
  44:main.c        ****   TCCR0=0x01;						//start bit 
 278               	/
 279               		subi r18,lo8(-(1))
 280 00e6 81E0      		sbci r19,hi8(-(1))
  45:main.c        ****   delay_us(800);
 282               	14-delay_us
 283               	.LM14:
 284 00ea 80E2      	/* #APP */
 285 00ec 93E0      		nop
 286 00ee 00D0      		nop
  46:main.c        ****   TCCR0=0x00;
 287               	 (size=0) */
 289 00f0 13BE      	.LM13:
 290 00f2 00E0      		sts (delaycounter1)+1,__zero_reg__
 291               		sts delaycounter1,__zero_reg__
  47:main.c        ****   for(i=0;i<=7;i++)				//bit 0 to 7
  48:main.c        ****    {
  49:main.c        ****     
  50:main.c        **** 	if((data&0x01)==0x01)
 292               	r18,lo8(0)
 293               		ldi r19,hi8(0)
 294 00f4 10FF      	.L18:
  51:main.c        **** 	  {
  52:main.c        **** 	  TCCR0=0x01;
 296               	 frame size=0 */
 297               	/* prologue end (size=0) */
 299 00fa 83BF      	.LM13:
  53:main.c        **** 	  delay_us(1600);
 300               	 (delaycounter1)+1,__zero_reg__
 301               		sts delaycounter1,__zero_reg__
 302 00fc 80E4      		ldi r18,lo8(0)
 303 00fe 96E0      		ldi r19,hi8(0)
 304 0100 00C0      	.L18:
  54:main.c        **** 	  }
  55:main.c        **** 	  
  56:main.c        **** 	else
  57:main.c        **** 	  {
  58:main.c        **** 	  TCCR0=0x00;
 306               	 frame size=0 */
 307               	/* prologue end (size=0) */
  59:main.c        **** 	  delay_us(2000);
 309               	13:
 310               		sts (delaycounter1)+1,__zero_reg__
 311 0104 80ED      		sts delaycounter1,__zero_reg__
 312 0106 97E0      		ldi r18,lo8(0)
 313               		ldi r19,hi8(0)
 314 0108 00D0      	.L18:
 316               	.LM14:
 317 010a 0F5F      	/* #APP */
 318 010c 0830      		nop
 319 010e 01F0      		nop
  60:main.c        **** 	  }
  61:main.c        **** 	  
  62:main.c        ****     
  63:main.c        ****     data>>=1;	
 320               	 (size=0) */
 322 0110 1695      	.LM13:
 323 0112 00C0      		sts (delaycounter1)+1,__zero_reg__
 324               		sts delaycounter1,__zero_reg__
  64:main.c        ****    }
  65:main.c        ****    TCCR0=0x00;
 325               	r18,lo8(0)
 326               		ldi r19,hi8(0)
 327 0114 13BE      	.L18:
  66:main.c        ****    PORTA=0xf0;
 328               	M12-delay_us
 329               	.LM12:
 330 0116 80EF      	/* prologue: frame size=0 */
 331 0118 8BBB      	/* prologue end (size=0) */
 333 011a 1F91      	.LM13:
 334 011c 0F91      		sts (delaycounter1)+1,__zero_reg__
 335 011e 0895      		sts delaycounter1,__zero_reg__
 336               		ldi r18,lo8(0)
 337               		ldi r19,hi8(0)
 338               	.L18:
 340               	.LM14:
 341               	/* #APP */
 342               		nop
 343               		nop
 344               		nop
 345               		nop
 346               		nop
  67:main.c        ****  }	
  68:main.c        ****  
  69:main.c        **** 
  70:main.c        **** int main()
  71:main.c        ****  {
 347               	9,.LM15-delay_us
 348               	.LM15:
 349               		nop
 350 0120 1F93      		nop
 351               		nop
  72:main.c        ****  unsigned char tx1;
  73:main.c        ****  TCNT0=46;      //timer counter register
 352               	eg__
 353               		sts delaycounter1,__zero_reg__
 354 0122 8EE2      		ldi r18,lo8(0)
 355 0124 82BF      		ldi r19,hi8(0)
  74:main.c        ****  TCCR0=0X00;	//timer counter control register
 356               	0,23,.LM12-delay_us
 357               	.LM12:
 358 0126 13BE      	/* prologue: frame size=0 */
  75:main.c        ****  
  76:main.c        ****  TIMSK=0X01;	//timer interrupt mask register
 359               	prologue end (size=0) */
 361 0128 81E0      	.LM13:
 362 012a 89BF      		sts (delaycounter1)+1,__zero_reg__
  77:main.c        ****  
  78:main.c        ****  DDRB=0x01;		//data direction register
 363               	 delaycounter1,__zero_reg__
 364               		ldi r18,lo8(0)
 365 012c 87BB      		ldi r19,hi8(0)
  79:main.c        ****  PORTB=0x00;	//port B  initialization
 366               	0,23,.LM12-delay_us
 367               	.LM12:
 368 012e 18BA      	/* prologue: frame size=0 */
  80:main.c        ****  DDRA=0x00;
 369               	prologue end (size=0) */
 371 0130 1ABA      	.LM13:
  81:main.c        ****  PORTA=0xf0;
 372               	s (delaycounter1)+1,__zero_reg__
 373               		sts delaycounter1,__zero_reg__
 374 0132 80EF      		ldi r18,lo8(0)
 375 0134 8BBB      		ldi r19,hi8(0)
  82:main.c        ****  
  83:main.c        ****  
  84:main.c        ****  sei();			//set global interrupt enable
 376               	0,23,.LM12-delay_us
 377               	.LM12:
 378               	/* prologue: frame size=0 */
 379 0136 7894      	/* prologue end (size=0) */
 381               	.LM13:
  85:main.c        ****  
  86:main.c        ****  while(1)
  87:main.c        **** 	{
  88:main.c        **** 	if((PINA&0x10)==0x00)			//if S1(switch 1 is pressed)
 382               	delaycounter1)+1,__zero_reg__
 383               		sts delaycounter1,__zero_reg__
 384 0138 CC99      		ldi r18,lo8(0)
 385 013a 00C0      		ldi r19,hi8(0)
 386               	.L18:
  89:main.c        **** 	 {
  90:main.c        **** 	  while((PINA&0x10)==0x00);
 387               	M12-delay_us
 388               	.LM12:
 389 013c CC9B      	/* prologue: frame size=0 */
 390 013e 00C0      	/* prologue end (size=0) */
  91:main.c        ****       tx(tx1);
 391               	abn	68,0,25,.LM13-delay_us
 392               	.LM13:
 393 0140 812F      		sts (delaycounter1)+1,__zero_reg__
 394 0142 00D0      		sts delaycounter1,__zero_reg__
  92:main.c        **** 	  PORTA=0xf0;
 395               	2,0,0,.Ltext2
 396               	.Ltext2:
 398 0146 8BBB      	.LM12:
  93:main.c        **** 	  tx1++;
 399               	rologue: frame size=0 */
 400               	/* prologue end (size=0) */
 402 014a 00C0      	.LM13:
 403               		sts (delaycounter1)+1,__zero_reg__
 404               		sts delaycounter1,__zero_reg__
 405               		ldi r18,lo8(0)
 406               		ldi r19,hi8(0)
 407               	.L18:
 409               	.LM14:
 410               	/* #APP */
 411               		nop
 412               		nop
 413               		nop
 414               		nop
 415               		nop
 416               		nop
 418               	.LM15:
DEFINED SYMBOLS
                            *ABS*:00000000 main.c
C:\Users\User\AppData\Local\Temp/ccMnnWgO.s:3      *ABS*:0000003f __SREG__
C:\Users\User\AppData\Local\Temp/ccMnnWgO.s:4      *ABS*:0000003e __SP_H__
C:\Users\User\AppData\Local\Temp/ccMnnWgO.s:5      *ABS*:0000003d __SP_L__
C:\Users\User\AppData\Local\Temp/ccMnnWgO.s:6      *ABS*:00000000 __tmp_reg__
C:\Users\User\AppData\Local\Temp/ccMnnWgO.s:7      *ABS*:00000001 __zero_reg__
C:\Users\User\AppData\Local\Temp/ccMnnWgO.s:71     .text:00000000 delayms
                            *COM*:00000002 delaycounter1
                            *COM*:00000002 delaycounter2
C:\Users\User\AppData\Local\Temp/ccMnnWgO.s:137    .text:00000050 delayus
C:\Users\User\AppData\Local\Temp/ccMnnWgO.s:184    .text:00000084 delay_us
C:\Users\User\AppData\Local\Temp/ccMnnWgO.s:232    .text:000000b8 __vector_9
C:\Users\User\AppData\Local\Temp/ccMnnWgO.s:270    .text:000000e0 tx
C:\Users\User\AppData\Local\Temp/ccMnnWgO.s:346    .text:00000120 main

UNDEFINED SYMBOLS
__do_copy_data
__do_clear_bss
