   1               		.file	"main.c"
   2               		.arch atmega8535
   3               	__SREG__ = 0x3f
   4               	__SP_H__ = 0x3e
   5               	__SP_L__ = 0x3d
   6               	__tmp_reg__ = 0
   7               	__zero_reg__ = 1
   8               		.global __do_copy_data
   9               		.global __do_clear_bss
  11               		.text
  12               	.Ltext0:
  69               	.global	delayms
  71               	delayms:
  73               	.Ltext1:
   1:delay.h       **** /*	delay.h
   2:delay.h       **** *******************************************************************************************
   3:delay.h       **** COPYRIGHT(C)Technophilia Systems
   4:delay.h       **** Date:...............31st May 2011
   5:delay.h       **** Author:.............Prasanta Kumar Nayak
   6:delay.h       **** Organization:.......Technophilia Syestems
   7:delay.h       **** compiler:...........WinAVR
   8:delay.h       **** 
   9:delay.h       **** Description:
  10:delay.h       **** 
  11:delay.h       **** 	This header file generates time delay in the form of mili second and micro second
  12:delay.h       **** 	without affecting any interrupts.
  13:delay.h       **** 
  14:delay.h       **** Functions:
  15:delay.h       **** 
  16:delay.h       **** 	delayms();	  	This function provides delay in the form of mili second
  17:delay.h       **** 	delayus();	  	This function provides delay in the form of micro second
  18:delay.h       **** 	
  19:delay.h       **** *******************************************************************************************/
  20:delay.h       **** 
  21:delay.h       **** #ifndef _DELAY_H_
  22:delay.h       **** #define _DELAY_H_
  23:delay.h       **** 
  24:delay.h       **** unsigned int delaycounter1,delaycounter2;
  25:delay.h       **** 
  26:delay.h       **** void delayms(unsigned int delaytime)
  27:delay.h       **** {
  74               	ue end (size=0) */
  76               	.LM1:
  77               		sts (delaycounter1)+1,__zero_reg__
  28:delay.h       **** 	for(delaycounter1=0;delaycounter1<=delaytime;delaycounter1++)
  78               	bn	68,0,27,.LM0-delayms
  79               	.LM0:
  80 0000 1092 0000 	/* prologue: frame size=0 */
  81 0004 1092 0000 	/* prologue end (size=0) */
  83 000a 30E0      	.LM1:
  84               		sts (delaycounter1)+1,__zero_reg__
  85               		sts delaycounter1,__zero_reg__
  86               		ldi r18,lo8(0)
  87 000c 40E0      		ldi r19,hi8(0)
  88 000e 50E0      	.L2:
  29:delay.h       **** 	{
  30:delay.h       **** 		for(delaycounter2=0;delaycounter2<=800;delaycounter2++)
  31:delay.h       **** 		{
  32:delay.h       **** 			asm("nop");asm("nop");asm("nop");asm("nop");asm("nop");asm("nop");
  90               	.LM1-delayms
  91               	.LM1:
  92               		sts (delaycounter1)+1,__zero_reg__
  93 0010 0000      		sts delaycounter1,__zero_reg__
  94 0012 0000      		ldi r18,lo8(0)
  95 0014 0000      		ldi r19,hi8(0)
  96 0016 0000      	.L2:
  98 001a 0000      	.LM2:
  33:delay.h       **** 			asm("nop");asm("nop");asm("nop");asm("nop");asm("nop");asm("nop");
  99               	layms
 100               	.LM1:
 101 001c 0000      		sts (delaycounter1)+1,__zero_reg__
 102 001e 0000      		sts delaycounter1,__zero_reg__
 103 0020 0000      		ldi r18,lo8(0)
 104 0022 0000      		ldi r19,hi8(0)
 105 0024 0000      	.L2:
 107               	.LM2:
 108 0028 4F5F      		ldi r20,lo8(0)
 109 002a 5F4F      		ldi r21,hi8(0)
 110               	.L3:
 112 002c 63E0      	.LM3:
 113 002e 4132      	/* #APP */
 114 0030 5607      		nop
 115 0032 01F4      		nop
 116 0034 2F5F      		nop
 117 0036 3F4F      		nop
 118               		nop
 119               		nop
 121 003a 9307      	.LM4:
 122 003c 00F4      		nop
 123 003e 3093 0000 		nop
 124 0042 2093 0000 		nop
 125 0046 5093 0000 		nop
 126 004a 4093 0000 		nop
 127               		nop
 128 004e 0895      	/* #NOAPP */
 129               		subi r20,lo8(-(1))
 130               		sbci r21,hi8(-(1))
 132               	.LM5:
 133               		ldi r22,hi8(801)
 134               		cpi r20,lo8(801)
 135               		cpc r21,r22
 136               		brne .L3
 137               		subi r18,lo8(-(1))
  34:delay.h       **** 		}
  35:delay.h       **** 	}
  36:delay.h       **** }
  37:delay.h       **** 
  38:delay.h       **** void delayus(unsigned int delaytime)
  39:delay.h       **** {
 138               	8(-(1))
 140               	.LM5:
 141               		ldi r22,hi8(801)
  40:delay.h       **** 	for(delaycounter1=0;delaycounter1<=delaytime;delaycounter1++)
 142               		nop
 143               		nop
 144 0050 1092 0000 		nop
 145 0054 1092 0000 		nop
 146 0058 20E0      	/* #NOAPP */
 147 005a 30E0      		subi r20,lo8(-(1))
 148               		sbci r21,hi8(-(1))
  41:delay.h       **** 	{
  42:delay.h       **** 		asm("nop");asm("nop");asm("nop");asm("nop");asm("nop");asm("nop");
 149               	
 150               		nop
 151               		nop
 153 005e 0000      	.LM4:
 154 0060 0000      		nop
 155 0062 0000      		nop
 156 0064 0000      		nop
 157 0066 0000      		nop
  43:delay.h       **** 		asm("nop");asm("nop");asm("nop");asm("nop");
 158               	3:
 160 0068 0000      	.LM3:
 161 006a 0000      	/* #APP */
 162 006c 0000      		nop
 163 006e 0000      		nop
 164               		nop
 165 0070 2F5F      		nop
 166 0072 3F4F      		nop
 167               		nop
 169 0074 8217      	.LM4:
 170 0076 9307      		nop
 171 0078 00F4      		nop
 172 007a 3093 0000 		nop
 173 007e 2093 0000 		nop
 174               		nop
 175 0082 0895      		nop
 176               	/* #NOAPP */
 177               		subi r20,lo8(-(1))
 178               		sbci r21,hi8(-(1))
 180               	.LM5:
 181               		ldi r22,hi8(801)
 182               		cpi r20,lo8(801)
 183               		cpc r21,r22
 184               		brne .L3
 185               		subi r18,lo8(-(1))
   1:main.c        **** /***********************************************************************
   2:main.c        **** 
   3:main.c        **** CODE6: Program to Run LEDs connected in PORTC (using for loop)
   4:main.c        **** 
   5:main.c        **** ***********************************************************************
   6:main.c        **** COPYRIGHT(C)Technophilia Systems
   7:main.c        **** Date:...............31st May 2011
   8:main.c        **** Author:.............Prasanta Kumar Nayak
   9:main.c        **** Organization:.......Technophilia Syestems
  10:main.c        **** Target system:......AVR devlopment board s/n-107010
  11:main.c        **** Manufacturer:.......Technophilia Syestems
  12:main.c        **** Microcontroller:....ATmega-8535
  13:main.c        **** Clock:..............16mhz
  14:main.c        **** 
  15:main.c        **** ***********************************************************************/
  16:main.c        **** #include<avr/io.h>		//This is the header for AVR Microcontroller.
  17:main.c        **** #include"delay.h"       //This is the working header file for delay.
  18:main.c        **** 
  19:main.c        **** void main()
  20:main.c        **** {
 186               	8(-(1))
 188               	.LM5:
 189 0084 1F93      		ldi r22,hi8(801)
 190 0086 CF93      		cpi r20,lo8(801)
 191 0088 DF93      		cpc r21,r22
 192               		brne .L3
  21:main.c        **** 	PORTC=0X00;			// PortC initiallization as all bits low.
 193               	o8(-(1))
 194               		sbci r21,hi8(-(1))
  22:main.c        **** 	DDRC=0XF0;			// PortC data direction declaration as out put.
 196               	4-delayms
 197               	.LM4:
 198 008c 80EF      		nop
 199 008e 84BB      		nop
 200               		nop
 201               		nop
 202               		nop
 203 0090 10E1      		nop
 204 0092 C0E0      	/* #NOAPP */
 205 0094 D0E0      		subi r20,lo8(-(1))
 206               		sbci r21,hi8(-(1))
  23:main.c        **** 	unsigned char x;	// Define character
  24:main.c        ****   
  25:main.c        **** 	while(1)
  26:main.c        **** 	{
  27:main.c        **** 		for(x=0x10;x!=0x00;x<<=1)
  28:main.c        **** 		{
  29:main.c        **** 			PORTC=x;
 207               	
 208               		nop
 209 0096 15BB      		nop
  30:main.c        **** 			delayms(500);
 210               	68,0,28,.LM2-delayms
 211               	.LM2:
 212 0098 84EF      		ldi r20,lo8(0)
 213 009a 91E0      		ldi r21,hi8(0)
 214 009c 00D0      	.L3:
 216               	.LM3:
 217 009e 110F      	/* #APP */
 218 00a0 2196      		nop
 219 00a2 C430      		nop
 220 00a4 D105      		nop
 221 00a6 01F4      		nop
 222 00a8 00C0      		nop
 223               		nop
 225               	.LM4:
 226               		nop
 227               		nop
 228               		nop
 229               		nop
 230               		nop
 231               		nop
 232               	/* #NOAPP */
 233               		subi r20,lo8(-(1))
 234               		sbci r21,hi8(-(1))
 236               	.LM5:
 237               		ldi r22,hi8(801)
 238               		cpi r20,lo8(801)
DEFINED SYMBOLS
                            *ABS*:00000000 main.c
C:\DOCUME~1\ADMINI~1\LOCALS~1\Temp/ccZZtnVb.s:3      *ABS*:0000003f __SREG__
C:\DOCUME~1\ADMINI~1\LOCALS~1\Temp/ccZZtnVb.s:4      *ABS*:0000003e __SP_H__
C:\DOCUME~1\ADMINI~1\LOCALS~1\Temp/ccZZtnVb.s:5      *ABS*:0000003d __SP_L__
C:\DOCUME~1\ADMINI~1\LOCALS~1\Temp/ccZZtnVb.s:6      *ABS*:00000000 __tmp_reg__
C:\DOCUME~1\ADMINI~1\LOCALS~1\Temp/ccZZtnVb.s:7      *ABS*:00000001 __zero_reg__
C:\DOCUME~1\ADMINI~1\LOCALS~1\Temp/ccZZtnVb.s:71     .text:00000000 delayms
                            *COM*:00000002 delaycounter1
                            *COM*:00000002 delaycounter2
C:\DOCUME~1\ADMINI~1\LOCALS~1\Temp/ccZZtnVb.s:137    .text:00000050 delayus
C:\DOCUME~1\ADMINI~1\LOCALS~1\Temp/ccZZtnVb.s:183    .text:00000084 main

UNDEFINED SYMBOLS
__do_copy_data
__do_clear_bss
